2017-05-17 18:37:09 INFO  DefaultTestContextBootstrapper:259 - Loaded default TestExecutionListener class names from location [META-INF/spring.factories]: [org.springframework.test.context.web.ServletTestExecutionListener, org.springframework.test.context.support.DirtiesContextBeforeModesTestExecutionListener, org.springframework.test.context.support.DependencyInjectionTestExecutionListener, org.springframework.test.context.support.DirtiesContextTestExecutionListener, org.springframework.test.context.transaction.TransactionalTestExecutionListener, org.springframework.test.context.jdbc.SqlScriptsTestExecutionListener]
2017-05-17 18:37:09 INFO  DefaultTestContextBootstrapper:207 - Could not instantiate TestExecutionListener [org.springframework.test.context.web.ServletTestExecutionListener]. Specify custom listener classes or make the default listener classes (and their required dependencies) available. Offending class: [javax/servlet/ServletContext]
2017-05-17 18:37:09 INFO  DefaultTestContextBootstrapper:185 - Using TestExecutionListeners: [org.springframework.test.context.support.DirtiesContextBeforeModesTestExecutionListener@51565ec2, org.springframework.test.context.support.DependencyInjectionTestExecutionListener@482f8f11, org.springframework.test.context.support.DirtiesContextTestExecutionListener@1593948d, org.springframework.test.context.transaction.TransactionalTestExecutionListener@1b604f19, org.springframework.test.context.jdbc.SqlScriptsTestExecutionListener@7823a2f9]
2017-05-17 18:37:10 INFO  XmlBeanDefinitionReader:317 - Loading XML bean definitions from class path resource [test-dao-context.xml]
2017-05-17 18:37:11 INFO  DefaultListableBeanFactory:839 - Overriding bean definition for bean 'userDao' with a different definition: replacing [Generic bean: class [dao.impl.UserDao]; scope=singleton; abstract=false; lazyInit=false; autowireMode=0; dependencyCheck=0; autowireCandidate=true; primary=false; factoryBeanName=null; factoryMethodName=null; initMethodName=null; destroyMethodName=null; defined in file [C:\Users\Дмитрий\Desktop\NetCracker\курсы\onlineshop\dao\target\classes\dao\impl\UserDao.class]] with [Generic bean: class [dao.impl.UserDao]; scope=; abstract=false; lazyInit=false; autowireMode=0; dependencyCheck=0; autowireCandidate=true; primary=false; factoryBeanName=null; factoryMethodName=null; initMethodName=null; destroyMethodName=null; defined in class path resource [test-dao-context.xml]]
2017-05-17 18:37:11 INFO  GenericApplicationContext:578 - Refreshing org.springframework.context.support.GenericApplicationContext@cb644e: startup date [Wed May 17 18:37:11 MSK 2017]; root of context hierarchy
2017-05-17 18:37:12 WARN  GenericApplicationContext:546 - Exception encountered during context initialization - cancelling refresh attempt: org.springframework.beans.factory.BeanCreationException: Error creating bean with name 'org.springframework.aop.config.internalAutoProxyCreator': Instantiation of bean failed; nested exception is org.springframework.beans.BeanInstantiationException: Failed to instantiate [org.springframework.aop.aspectj.annotation.AnnotationAwareAspectJAutoProxyCreator]: Constructor threw exception; nested exception is java.lang.NoClassDefFoundError: org/aspectj/lang/annotation/Around
2017-05-17 18:37:12 ERROR TestContextManager:231 - Caught exception while allowing TestExecutionListener [org.springframework.test.context.support.DependencyInjectionTestExecutionListener@482f8f11] to prepare test instance [UserDaoImplTest@351d00c0]
java.lang.IllegalStateException: Failed to load ApplicationContext
	at org.springframework.test.context.cache.DefaultCacheAwareContextLoaderDelegate.loadContext(DefaultCacheAwareContextLoaderDelegate.java:124)
	at org.springframework.test.context.support.DefaultTestContext.getApplicationContext(DefaultTestContext.java:83)
	at org.springframework.test.context.support.DependencyInjectionTestExecutionListener.injectDependencies(DependencyInjectionTestExecutionListener.java:117)
	at org.springframework.test.context.support.DependencyInjectionTestExecutionListener.prepareTestInstance(DependencyInjectionTestExecutionListener.java:83)
	at org.springframework.test.context.TestContextManager.prepareTestInstance(TestContextManager.java:228)
	at org.springframework.test.context.junit4.SpringJUnit4ClassRunner.createTest(SpringJUnit4ClassRunner.java:230)
	at org.springframework.test.context.junit4.SpringJUnit4ClassRunner$1.runReflectiveCall(SpringJUnit4ClassRunner.java:289)
	at org.junit.internal.runners.model.ReflectiveCallable.run(ReflectiveCallable.java:12)
	at org.springframework.test.context.junit4.SpringJUnit4ClassRunner.methodBlock(SpringJUnit4ClassRunner.java:291)
	at org.springframework.test.context.junit4.SpringJUnit4ClassRunner.runChild(SpringJUnit4ClassRunner.java:249)
	at org.springframework.test.context.junit4.SpringJUnit4ClassRunner.runChild(SpringJUnit4ClassRunner.java:89)
	at org.junit.runners.ParentRunner$3.run(ParentRunner.java:290)
	at org.junit.runners.ParentRunner$1.schedule(ParentRunner.java:71)
	at org.junit.runners.ParentRunner.runChildren(ParentRunner.java:288)
	at org.junit.runners.ParentRunner.access$000(ParentRunner.java:58)
	at org.junit.runners.ParentRunner$2.evaluate(ParentRunner.java:268)
	at org.springframework.test.context.junit4.statements.RunBeforeTestClassCallbacks.evaluate(RunBeforeTestClassCallbacks.java:61)
	at org.springframework.test.context.junit4.statements.RunAfterTestClassCallbacks.evaluate(RunAfterTestClassCallbacks.java:70)
	at org.junit.runners.ParentRunner.run(ParentRunner.java:363)
	at org.springframework.test.context.junit4.SpringJUnit4ClassRunner.run(SpringJUnit4ClassRunner.java:193)
	at org.junit.runner.JUnitCore.run(JUnitCore.java:137)
	at com.intellij.junit4.JUnit4IdeaTestRunner.startRunnerWithArgs(JUnit4IdeaTestRunner.java:117)
	at com.intellij.junit4.JUnit4IdeaTestRunner.startRunnerWithArgs(JUnit4IdeaTestRunner.java:42)
	at com.intellij.rt.execution.junit.JUnitStarter.prepareStreamsAndStart(JUnitStarter.java:262)
	at com.intellij.rt.execution.junit.JUnitStarter.main(JUnitStarter.java:84)
	at sun.reflect.NativeMethodAccessorImpl.invoke0(Native Method)
	at sun.reflect.NativeMethodAccessorImpl.invoke(NativeMethodAccessorImpl.java:62)
	at sun.reflect.DelegatingMethodAccessorImpl.invoke(DelegatingMethodAccessorImpl.java:43)
	at java.lang.reflect.Method.invoke(Method.java:498)
	at com.intellij.rt.execution.application.AppMain.main(AppMain.java:147)
Caused by: org.springframework.beans.factory.BeanCreationException: Error creating bean with name 'org.springframework.aop.config.internalAutoProxyCreator': Instantiation of bean failed; nested exception is org.springframework.beans.BeanInstantiationException: Failed to instantiate [org.springframework.aop.aspectj.annotation.AnnotationAwareAspectJAutoProxyCreator]: Constructor threw exception; nested exception is java.lang.NoClassDefFoundError: org/aspectj/lang/annotation/Around
	at org.springframework.beans.factory.support.AbstractAutowireCapableBeanFactory.instantiateBean(AbstractAutowireCapableBeanFactory.java:1105)
	at org.springframework.beans.factory.support.AbstractAutowireCapableBeanFactory.createBeanInstance(AbstractAutowireCapableBeanFactory.java:1050)
	at org.springframework.beans.factory.support.AbstractAutowireCapableBeanFactory.doCreateBean(AbstractAutowireCapableBeanFactory.java:510)
	at org.springframework.beans.factory.support.AbstractAutowireCapableBeanFactory.createBean(AbstractAutowireCapableBeanFactory.java:482)
	at org.springframework.beans.factory.support.AbstractBeanFactory$1.getObject(AbstractBeanFactory.java:306)
	at org.springframework.beans.factory.support.DefaultSingletonBeanRegistry.getSingleton(DefaultSingletonBeanRegistry.java:230)
	at org.springframework.beans.factory.support.AbstractBeanFactory.doGetBean(AbstractBeanFactory.java:302)
	at org.springframework.beans.factory.support.AbstractBeanFactory.getBean(AbstractBeanFactory.java:202)
	at org.springframework.context.support.PostProcessorRegistrationDelegate.registerBeanPostProcessors(PostProcessorRegistrationDelegate.java:228)
	at org.springframework.context.support.AbstractApplicationContext.registerBeanPostProcessors(AbstractApplicationContext.java:687)
	at org.springframework.context.support.AbstractApplicationContext.refresh(AbstractApplicationContext.java:523)
	at org.springframework.test.context.support.AbstractGenericContextLoader.loadContext(AbstractGenericContextLoader.java:125)
	at org.springframework.test.context.support.AbstractGenericContextLoader.loadContext(AbstractGenericContextLoader.java:60)
	at org.springframework.test.context.support.AbstractDelegatingSmartContextLoader.delegateLoading(AbstractDelegatingSmartContextLoader.java:109)
	at org.springframework.test.context.support.AbstractDelegatingSmartContextLoader.loadContext(AbstractDelegatingSmartContextLoader.java:261)
	at org.springframework.test.context.cache.DefaultCacheAwareContextLoaderDelegate.loadContextInternal(DefaultCacheAwareContextLoaderDelegate.java:98)
	at org.springframework.test.context.cache.DefaultCacheAwareContextLoaderDelegate.loadContext(DefaultCacheAwareContextLoaderDelegate.java:116)
	... 29 more
Caused by: org.springframework.beans.BeanInstantiationException: Failed to instantiate [org.springframework.aop.aspectj.annotation.AnnotationAwareAspectJAutoProxyCreator]: Constructor threw exception; nested exception is java.lang.NoClassDefFoundError: org/aspectj/lang/annotation/Around
	at org.springframework.beans.BeanUtils.instantiateClass(BeanUtils.java:163)
	at org.springframework.beans.factory.support.SimpleInstantiationStrategy.instantiate(SimpleInstantiationStrategy.java:89)
	at org.springframework.beans.factory.support.AbstractAutowireCapableBeanFactory.instantiateBean(AbstractAutowireCapableBeanFactory.java:1098)
	... 45 more
Caused by: java.lang.NoClassDefFoundError: org/aspectj/lang/annotation/Around
	at org.springframework.aop.aspectj.annotation.ReflectiveAspectJAdvisorFactory.<clinit>(ReflectiveAspectJAdvisorFactory.java:74)
	at org.springframework.aop.aspectj.annotation.AnnotationAwareAspectJAutoProxyCreator.<init>(AnnotationAwareAspectJAutoProxyCreator.java:53)
	at sun.reflect.NativeConstructorAccessorImpl.newInstance0(Native Method)
	at sun.reflect.NativeConstructorAccessorImpl.newInstance(NativeConstructorAccessorImpl.java:62)
	at sun.reflect.DelegatingConstructorAccessorImpl.newInstance(DelegatingConstructorAccessorImpl.java:45)
	at java.lang.reflect.Constructor.newInstance(Constructor.java:423)
	at org.springframework.beans.BeanUtils.instantiateClass(BeanUtils.java:147)
	... 47 more
Caused by: java.lang.ClassNotFoundException: org.aspectj.lang.annotation.Around
	at java.net.URLClassLoader.findClass(URLClassLoader.java:381)
	at java.lang.ClassLoader.loadClass(ClassLoader.java:424)
	at sun.misc.Launcher$AppClassLoader.loadClass(Launcher.java:331)
	at java.lang.ClassLoader.loadClass(ClassLoader.java:357)
	... 54 more
2017-05-17 18:37:12 INFO  XmlBeanDefinitionReader:317 - Loading XML bean definitions from class path resource [test-dao-context.xml]
2017-05-17 18:37:12 INFO  DefaultListableBeanFactory:839 - Overriding bean definition for bean 'userDao' with a different definition: replacing [Generic bean: class [dao.impl.UserDao]; scope=singleton; abstract=false; lazyInit=false; autowireMode=0; dependencyCheck=0; autowireCandidate=true; primary=false; factoryBeanName=null; factoryMethodName=null; initMethodName=null; destroyMethodName=null; defined in file [C:\Users\Дмитрий\Desktop\NetCracker\курсы\onlineshop\dao\target\classes\dao\impl\UserDao.class]] with [Generic bean: class [dao.impl.UserDao]; scope=; abstract=false; lazyInit=false; autowireMode=0; dependencyCheck=0; autowireCandidate=true; primary=false; factoryBeanName=null; factoryMethodName=null; initMethodName=null; destroyMethodName=null; defined in class path resource [test-dao-context.xml]]
2017-05-17 18:37:12 INFO  GenericApplicationContext:578 - Refreshing org.springframework.context.support.GenericApplicationContext@368f2016: startup date [Wed May 17 18:37:12 MSK 2017]; root of context hierarchy
2017-05-17 18:37:12 WARN  GenericApplicationContext:546 - Exception encountered during context initialization - cancelling refresh attempt: org.springframework.beans.factory.BeanCreationException: Error creating bean with name 'org.springframework.aop.config.internalAutoProxyCreator': Instantiation of bean failed; nested exception is org.springframework.beans.BeanInstantiationException: Failed to instantiate [org.springframework.aop.aspectj.annotation.AnnotationAwareAspectJAutoProxyCreator]: Constructor threw exception; nested exception is java.lang.NoClassDefFoundError: Could not initialize class org.springframework.aop.aspectj.annotation.ReflectiveAspectJAdvisorFactory
2017-05-17 18:37:12 ERROR TestContextManager:231 - Caught exception while allowing TestExecutionListener [org.springframework.test.context.support.DependencyInjectionTestExecutionListener@482f8f11] to prepare test instance [UserDaoImplTest@385c9627]
java.lang.IllegalStateException: Failed to load ApplicationContext
	at org.springframework.test.context.cache.DefaultCacheAwareContextLoaderDelegate.loadContext(DefaultCacheAwareContextLoaderDelegate.java:124)
	at org.springframework.test.context.support.DefaultTestContext.getApplicationContext(DefaultTestContext.java:83)
	at org.springframework.test.context.support.DependencyInjectionTestExecutionListener.injectDependencies(DependencyInjectionTestExecutionListener.java:117)
	at org.springframework.test.context.support.DependencyInjectionTestExecutionListener.prepareTestInstance(DependencyInjectionTestExecutionListener.java:83)
	at org.springframework.test.context.TestContextManager.prepareTestInstance(TestContextManager.java:228)
	at org.springframework.test.context.junit4.SpringJUnit4ClassRunner.createTest(SpringJUnit4ClassRunner.java:230)
	at org.springframework.test.context.junit4.SpringJUnit4ClassRunner$1.runReflectiveCall(SpringJUnit4ClassRunner.java:289)
	at org.junit.internal.runners.model.ReflectiveCallable.run(ReflectiveCallable.java:12)
	at org.springframework.test.context.junit4.SpringJUnit4ClassRunner.methodBlock(SpringJUnit4ClassRunner.java:291)
	at org.springframework.test.context.junit4.SpringJUnit4ClassRunner.runChild(SpringJUnit4ClassRunner.java:249)
	at org.springframework.test.context.junit4.SpringJUnit4ClassRunner.runChild(SpringJUnit4ClassRunner.java:89)
	at org.junit.runners.ParentRunner$3.run(ParentRunner.java:290)
	at org.junit.runners.ParentRunner$1.schedule(ParentRunner.java:71)
	at org.junit.runners.ParentRunner.runChildren(ParentRunner.java:288)
	at org.junit.runners.ParentRunner.access$000(ParentRunner.java:58)
	at org.junit.runners.ParentRunner$2.evaluate(ParentRunner.java:268)
	at org.springframework.test.context.junit4.statements.RunBeforeTestClassCallbacks.evaluate(RunBeforeTestClassCallbacks.java:61)
	at org.springframework.test.context.junit4.statements.RunAfterTestClassCallbacks.evaluate(RunAfterTestClassCallbacks.java:70)
	at org.junit.runners.ParentRunner.run(ParentRunner.java:363)
	at org.springframework.test.context.junit4.SpringJUnit4ClassRunner.run(SpringJUnit4ClassRunner.java:193)
	at org.junit.runner.JUnitCore.run(JUnitCore.java:137)
	at com.intellij.junit4.JUnit4IdeaTestRunner.startRunnerWithArgs(JUnit4IdeaTestRunner.java:117)
	at com.intellij.junit4.JUnit4IdeaTestRunner.startRunnerWithArgs(JUnit4IdeaTestRunner.java:42)
	at com.intellij.rt.execution.junit.JUnitStarter.prepareStreamsAndStart(JUnitStarter.java:262)
	at com.intellij.rt.execution.junit.JUnitStarter.main(JUnitStarter.java:84)
	at sun.reflect.NativeMethodAccessorImpl.invoke0(Native Method)
	at sun.reflect.NativeMethodAccessorImpl.invoke(NativeMethodAccessorImpl.java:62)
	at sun.reflect.DelegatingMethodAccessorImpl.invoke(DelegatingMethodAccessorImpl.java:43)
	at java.lang.reflect.Method.invoke(Method.java:498)
	at com.intellij.rt.execution.application.AppMain.main(AppMain.java:147)
Caused by: org.springframework.beans.factory.BeanCreationException: Error creating bean with name 'org.springframework.aop.config.internalAutoProxyCreator': Instantiation of bean failed; nested exception is org.springframework.beans.BeanInstantiationException: Failed to instantiate [org.springframework.aop.aspectj.annotation.AnnotationAwareAspectJAutoProxyCreator]: Constructor threw exception; nested exception is java.lang.NoClassDefFoundError: Could not initialize class org.springframework.aop.aspectj.annotation.ReflectiveAspectJAdvisorFactory
	at org.springframework.beans.factory.support.AbstractAutowireCapableBeanFactory.instantiateBean(AbstractAutowireCapableBeanFactory.java:1105)
	at org.springframework.beans.factory.support.AbstractAutowireCapableBeanFactory.createBeanInstance(AbstractAutowireCapableBeanFactory.java:1050)
	at org.springframework.beans.factory.support.AbstractAutowireCapableBeanFactory.doCreateBean(AbstractAutowireCapableBeanFactory.java:510)
	at org.springframework.beans.factory.support.AbstractAutowireCapableBeanFactory.createBean(AbstractAutowireCapableBeanFactory.java:482)
	at org.springframework.beans.factory.support.AbstractBeanFactory$1.getObject(AbstractBeanFactory.java:306)
	at org.springframework.beans.factory.support.DefaultSingletonBeanRegistry.getSingleton(DefaultSingletonBeanRegistry.java:230)
	at org.springframework.beans.factory.support.AbstractBeanFactory.doGetBean(AbstractBeanFactory.java:302)
	at org.springframework.beans.factory.support.AbstractBeanFactory.getBean(AbstractBeanFactory.java:202)
	at org.springframework.context.support.PostProcessorRegistrationDelegate.registerBeanPostProcessors(PostProcessorRegistrationDelegate.java:228)
	at org.springframework.context.support.AbstractApplicationContext.registerBeanPostProcessors(AbstractApplicationContext.java:687)
	at org.springframework.context.support.AbstractApplicationContext.refresh(AbstractApplicationContext.java:523)
	at org.springframework.test.context.support.AbstractGenericContextLoader.loadContext(AbstractGenericContextLoader.java:125)
	at org.springframework.test.context.support.AbstractGenericContextLoader.loadContext(AbstractGenericContextLoader.java:60)
	at org.springframework.test.context.support.AbstractDelegatingSmartContextLoader.delegateLoading(AbstractDelegatingSmartContextLoader.java:109)
	at org.springframework.test.context.support.AbstractDelegatingSmartContextLoader.loadContext(AbstractDelegatingSmartContextLoader.java:261)
	at org.springframework.test.context.cache.DefaultCacheAwareContextLoaderDelegate.loadContextInternal(DefaultCacheAwareContextLoaderDelegate.java:98)
	at org.springframework.test.context.cache.DefaultCacheAwareContextLoaderDelegate.loadContext(DefaultCacheAwareContextLoaderDelegate.java:116)
	... 29 more
Caused by: org.springframework.beans.BeanInstantiationException: Failed to instantiate [org.springframework.aop.aspectj.annotation.AnnotationAwareAspectJAutoProxyCreator]: Constructor threw exception; nested exception is java.lang.NoClassDefFoundError: Could not initialize class org.springframework.aop.aspectj.annotation.ReflectiveAspectJAdvisorFactory
	at org.springframework.beans.BeanUtils.instantiateClass(BeanUtils.java:163)
	at org.springframework.beans.factory.support.SimpleInstantiationStrategy.instantiate(SimpleInstantiationStrategy.java:89)
	at org.springframework.beans.factory.support.AbstractAutowireCapableBeanFactory.instantiateBean(AbstractAutowireCapableBeanFactory.java:1098)
	... 45 more
Caused by: java.lang.NoClassDefFoundError: Could not initialize class org.springframework.aop.aspectj.annotation.ReflectiveAspectJAdvisorFactory
	at org.springframework.aop.aspectj.annotation.AnnotationAwareAspectJAutoProxyCreator.<init>(AnnotationAwareAspectJAutoProxyCreator.java:53)
	at sun.reflect.NativeConstructorAccessorImpl.newInstance0(Native Method)
	at sun.reflect.NativeConstructorAccessorImpl.newInstance(NativeConstructorAccessorImpl.java:62)
	at sun.reflect.DelegatingConstructorAccessorImpl.newInstance(DelegatingConstructorAccessorImpl.java:45)
	at java.lang.reflect.Constructor.newInstance(Constructor.java:423)
	at org.springframework.beans.BeanUtils.instantiateClass(BeanUtils.java:147)
	... 47 more
2017-05-17 18:37:12 INFO  XmlBeanDefinitionReader:317 - Loading XML bean definitions from class path resource [test-dao-context.xml]
2017-05-17 18:37:12 INFO  DefaultListableBeanFactory:839 - Overriding bean definition for bean 'userDao' with a different definition: replacing [Generic bean: class [dao.impl.UserDao]; scope=singleton; abstract=false; lazyInit=false; autowireMode=0; dependencyCheck=0; autowireCandidate=true; primary=false; factoryBeanName=null; factoryMethodName=null; initMethodName=null; destroyMethodName=null; defined in file [C:\Users\Дмитрий\Desktop\NetCracker\курсы\onlineshop\dao\target\classes\dao\impl\UserDao.class]] with [Generic bean: class [dao.impl.UserDao]; scope=; abstract=false; lazyInit=false; autowireMode=0; dependencyCheck=0; autowireCandidate=true; primary=false; factoryBeanName=null; factoryMethodName=null; initMethodName=null; destroyMethodName=null; defined in class path resource [test-dao-context.xml]]
2017-05-17 18:37:12 INFO  GenericApplicationContext:578 - Refreshing org.springframework.context.support.GenericApplicationContext@229f66ed: startup date [Wed May 17 18:37:12 MSK 2017]; root of context hierarchy
2017-05-17 18:37:12 WARN  GenericApplicationContext:546 - Exception encountered during context initialization - cancelling refresh attempt: org.springframework.beans.factory.BeanCreationException: Error creating bean with name 'org.springframework.aop.config.internalAutoProxyCreator': Instantiation of bean failed; nested exception is org.springframework.beans.BeanInstantiationException: Failed to instantiate [org.springframework.aop.aspectj.annotation.AnnotationAwareAspectJAutoProxyCreator]: Constructor threw exception; nested exception is java.lang.NoClassDefFoundError: Could not initialize class org.springframework.aop.aspectj.annotation.ReflectiveAspectJAdvisorFactory
2017-05-17 18:37:12 ERROR TestContextManager:231 - Caught exception while allowing TestExecutionListener [org.springframework.test.context.support.DependencyInjectionTestExecutionListener@482f8f11] to prepare test instance [UserDaoImplTest@2de23121]
java.lang.IllegalStateException: Failed to load ApplicationContext
	at org.springframework.test.context.cache.DefaultCacheAwareContextLoaderDelegate.loadContext(DefaultCacheAwareContextLoaderDelegate.java:124)
	at org.springframework.test.context.support.DefaultTestContext.getApplicationContext(DefaultTestContext.java:83)
	at org.springframework.test.context.support.DependencyInjectionTestExecutionListener.injectDependencies(DependencyInjectionTestExecutionListener.java:117)
	at org.springframework.test.context.support.DependencyInjectionTestExecutionListener.prepareTestInstance(DependencyInjectionTestExecutionListener.java:83)
	at org.springframework.test.context.TestContextManager.prepareTestInstance(TestContextManager.java:228)
	at org.springframework.test.context.junit4.SpringJUnit4ClassRunner.createTest(SpringJUnit4ClassRunner.java:230)
	at org.springframework.test.context.junit4.SpringJUnit4ClassRunner$1.runReflectiveCall(SpringJUnit4ClassRunner.java:289)
	at org.junit.internal.runners.model.ReflectiveCallable.run(ReflectiveCallable.java:12)
	at org.springframework.test.context.junit4.SpringJUnit4ClassRunner.methodBlock(SpringJUnit4ClassRunner.java:291)
	at org.springframework.test.context.junit4.SpringJUnit4ClassRunner.runChild(SpringJUnit4ClassRunner.java:249)
	at org.springframework.test.context.junit4.SpringJUnit4ClassRunner.runChild(SpringJUnit4ClassRunner.java:89)
	at org.junit.runners.ParentRunner$3.run(ParentRunner.java:290)
	at org.junit.runners.ParentRunner$1.schedule(ParentRunner.java:71)
	at org.junit.runners.ParentRunner.runChildren(ParentRunner.java:288)
	at org.junit.runners.ParentRunner.access$000(ParentRunner.java:58)
	at org.junit.runners.ParentRunner$2.evaluate(ParentRunner.java:268)
	at org.springframework.test.context.junit4.statements.RunBeforeTestClassCallbacks.evaluate(RunBeforeTestClassCallbacks.java:61)
	at org.springframework.test.context.junit4.statements.RunAfterTestClassCallbacks.evaluate(RunAfterTestClassCallbacks.java:70)
	at org.junit.runners.ParentRunner.run(ParentRunner.java:363)
	at org.springframework.test.context.junit4.SpringJUnit4ClassRunner.run(SpringJUnit4ClassRunner.java:193)
	at org.junit.runner.JUnitCore.run(JUnitCore.java:137)
	at com.intellij.junit4.JUnit4IdeaTestRunner.startRunnerWithArgs(JUnit4IdeaTestRunner.java:117)
	at com.intellij.junit4.JUnit4IdeaTestRunner.startRunnerWithArgs(JUnit4IdeaTestRunner.java:42)
	at com.intellij.rt.execution.junit.JUnitStarter.prepareStreamsAndStart(JUnitStarter.java:262)
	at com.intellij.rt.execution.junit.JUnitStarter.main(JUnitStarter.java:84)
	at sun.reflect.NativeMethodAccessorImpl.invoke0(Native Method)
	at sun.reflect.NativeMethodAccessorImpl.invoke(NativeMethodAccessorImpl.java:62)
	at sun.reflect.DelegatingMethodAccessorImpl.invoke(DelegatingMethodAccessorImpl.java:43)
	at java.lang.reflect.Method.invoke(Method.java:498)
	at com.intellij.rt.execution.application.AppMain.main(AppMain.java:147)
Caused by: org.springframework.beans.factory.BeanCreationException: Error creating bean with name 'org.springframework.aop.config.internalAutoProxyCreator': Instantiation of bean failed; nested exception is org.springframework.beans.BeanInstantiationException: Failed to instantiate [org.springframework.aop.aspectj.annotation.AnnotationAwareAspectJAutoProxyCreator]: Constructor threw exception; nested exception is java.lang.NoClassDefFoundError: Could not initialize class org.springframework.aop.aspectj.annotation.ReflectiveAspectJAdvisorFactory
	at org.springframework.beans.factory.support.AbstractAutowireCapableBeanFactory.instantiateBean(AbstractAutowireCapableBeanFactory.java:1105)
	at org.springframework.beans.factory.support.AbstractAutowireCapableBeanFactory.createBeanInstance(AbstractAutowireCapableBeanFactory.java:1050)
	at org.springframework.beans.factory.support.AbstractAutowireCapableBeanFactory.doCreateBean(AbstractAutowireCapableBeanFactory.java:510)
	at org.springframework.beans.factory.support.AbstractAutowireCapableBeanFactory.createBean(AbstractAutowireCapableBeanFactory.java:482)
	at org.springframework.beans.factory.support.AbstractBeanFactory$1.getObject(AbstractBeanFactory.java:306)
	at org.springframework.beans.factory.support.DefaultSingletonBeanRegistry.getSingleton(DefaultSingletonBeanRegistry.java:230)
	at org.springframework.beans.factory.support.AbstractBeanFactory.doGetBean(AbstractBeanFactory.java:302)
	at org.springframework.beans.factory.support.AbstractBeanFactory.getBean(AbstractBeanFactory.java:202)
	at org.springframework.context.support.PostProcessorRegistrationDelegate.registerBeanPostProcessors(PostProcessorRegistrationDelegate.java:228)
	at org.springframework.context.support.AbstractApplicationContext.registerBeanPostProcessors(AbstractApplicationContext.java:687)
	at org.springframework.context.support.AbstractApplicationContext.refresh(AbstractApplicationContext.java:523)
	at org.springframework.test.context.support.AbstractGenericContextLoader.loadContext(AbstractGenericContextLoader.java:125)
	at org.springframework.test.context.support.AbstractGenericContextLoader.loadContext(AbstractGenericContextLoader.java:60)
	at org.springframework.test.context.support.AbstractDelegatingSmartContextLoader.delegateLoading(AbstractDelegatingSmartContextLoader.java:109)
	at org.springframework.test.context.support.AbstractDelegatingSmartContextLoader.loadContext(AbstractDelegatingSmartContextLoader.java:261)
	at org.springframework.test.context.cache.DefaultCacheAwareContextLoaderDelegate.loadContextInternal(DefaultCacheAwareContextLoaderDelegate.java:98)
	at org.springframework.test.context.cache.DefaultCacheAwareContextLoaderDelegate.loadContext(DefaultCacheAwareContextLoaderDelegate.java:116)
	... 29 more
Caused by: org.springframework.beans.BeanInstantiationException: Failed to instantiate [org.springframework.aop.aspectj.annotation.AnnotationAwareAspectJAutoProxyCreator]: Constructor threw exception; nested exception is java.lang.NoClassDefFoundError: Could not initialize class org.springframework.aop.aspectj.annotation.ReflectiveAspectJAdvisorFactory
	at org.springframework.beans.BeanUtils.instantiateClass(BeanUtils.java:163)
	at org.springframework.beans.factory.support.SimpleInstantiationStrategy.instantiate(SimpleInstantiationStrategy.java:89)
	at org.springframework.beans.factory.support.AbstractAutowireCapableBeanFactory.instantiateBean(AbstractAutowireCapableBeanFactory.java:1098)
	... 45 more
Caused by: java.lang.NoClassDefFoundError: Could not initialize class org.springframework.aop.aspectj.annotation.ReflectiveAspectJAdvisorFactory
	at org.springframework.aop.aspectj.annotation.AnnotationAwareAspectJAutoProxyCreator.<init>(AnnotationAwareAspectJAutoProxyCreator.java:53)
	at sun.reflect.NativeConstructorAccessorImpl.newInstance0(Native Method)
	at sun.reflect.NativeConstructorAccessorImpl.newInstance(NativeConstructorAccessorImpl.java:62)
	at sun.reflect.DelegatingConstructorAccessorImpl.newInstance(DelegatingConstructorAccessorImpl.java:45)
	at java.lang.reflect.Constructor.newInstance(Constructor.java:423)
	at org.springframework.beans.BeanUtils.instantiateClass(BeanUtils.java:147)
	... 47 more
2017-05-17 18:37:12 INFO  XmlBeanDefinitionReader:317 - Loading XML bean definitions from class path resource [test-dao-context.xml]
2017-05-17 18:37:12 INFO  DefaultListableBeanFactory:839 - Overriding bean definition for bean 'userDao' with a different definition: replacing [Generic bean: class [dao.impl.UserDao]; scope=singleton; abstract=false; lazyInit=false; autowireMode=0; dependencyCheck=0; autowireCandidate=true; primary=false; factoryBeanName=null; factoryMethodName=null; initMethodName=null; destroyMethodName=null; defined in file [C:\Users\Дмитрий\Desktop\NetCracker\курсы\onlineshop\dao\target\classes\dao\impl\UserDao.class]] with [Generic bean: class [dao.impl.UserDao]; scope=; abstract=false; lazyInit=false; autowireMode=0; dependencyCheck=0; autowireCandidate=true; primary=false; factoryBeanName=null; factoryMethodName=null; initMethodName=null; destroyMethodName=null; defined in class path resource [test-dao-context.xml]]
2017-05-17 18:37:12 INFO  GenericApplicationContext:578 - Refreshing org.springframework.context.support.GenericApplicationContext@6913c1fb: startup date [Wed May 17 18:37:12 MSK 2017]; root of context hierarchy
2017-05-17 18:37:12 WARN  GenericApplicationContext:546 - Exception encountered during context initialization - cancelling refresh attempt: org.springframework.beans.factory.BeanCreationException: Error creating bean with name 'org.springframework.aop.config.internalAutoProxyCreator': Instantiation of bean failed; nested exception is org.springframework.beans.BeanInstantiationException: Failed to instantiate [org.springframework.aop.aspectj.annotation.AnnotationAwareAspectJAutoProxyCreator]: Constructor threw exception; nested exception is java.lang.NoClassDefFoundError: Could not initialize class org.springframework.aop.aspectj.annotation.ReflectiveAspectJAdvisorFactory
2017-05-17 18:37:12 ERROR TestContextManager:231 - Caught exception while allowing TestExecutionListener [org.springframework.test.context.support.DependencyInjectionTestExecutionListener@482f8f11] to prepare test instance [UserDaoImplTest@2118cddf]
java.lang.IllegalStateException: Failed to load ApplicationContext
	at org.springframework.test.context.cache.DefaultCacheAwareContextLoaderDelegate.loadContext(DefaultCacheAwareContextLoaderDelegate.java:124)
	at org.springframework.test.context.support.DefaultTestContext.getApplicationContext(DefaultTestContext.java:83)
	at org.springframework.test.context.support.DependencyInjectionTestExecutionListener.injectDependencies(DependencyInjectionTestExecutionListener.java:117)
	at org.springframework.test.context.support.DependencyInjectionTestExecutionListener.prepareTestInstance(DependencyInjectionTestExecutionListener.java:83)
	at org.springframework.test.context.TestContextManager.prepareTestInstance(TestContextManager.java:228)
	at org.springframework.test.context.junit4.SpringJUnit4ClassRunner.createTest(SpringJUnit4ClassRunner.java:230)
	at org.springframework.test.context.junit4.SpringJUnit4ClassRunner$1.runReflectiveCall(SpringJUnit4ClassRunner.java:289)
	at org.junit.internal.runners.model.ReflectiveCallable.run(ReflectiveCallable.java:12)
	at org.springframework.test.context.junit4.SpringJUnit4ClassRunner.methodBlock(SpringJUnit4ClassRunner.java:291)
	at org.springframework.test.context.junit4.SpringJUnit4ClassRunner.runChild(SpringJUnit4ClassRunner.java:249)
	at org.springframework.test.context.junit4.SpringJUnit4ClassRunner.runChild(SpringJUnit4ClassRunner.java:89)
	at org.junit.runners.ParentRunner$3.run(ParentRunner.java:290)
	at org.junit.runners.ParentRunner$1.schedule(ParentRunner.java:71)
	at org.junit.runners.ParentRunner.runChildren(ParentRunner.java:288)
	at org.junit.runners.ParentRunner.access$000(ParentRunner.java:58)
	at org.junit.runners.ParentRunner$2.evaluate(ParentRunner.java:268)
	at org.springframework.test.context.junit4.statements.RunBeforeTestClassCallbacks.evaluate(RunBeforeTestClassCallbacks.java:61)
	at org.springframework.test.context.junit4.statements.RunAfterTestClassCallbacks.evaluate(RunAfterTestClassCallbacks.java:70)
	at org.junit.runners.ParentRunner.run(ParentRunner.java:363)
	at org.springframework.test.context.junit4.SpringJUnit4ClassRunner.run(SpringJUnit4ClassRunner.java:193)
	at org.junit.runner.JUnitCore.run(JUnitCore.java:137)
	at com.intellij.junit4.JUnit4IdeaTestRunner.startRunnerWithArgs(JUnit4IdeaTestRunner.java:117)
	at com.intellij.junit4.JUnit4IdeaTestRunner.startRunnerWithArgs(JUnit4IdeaTestRunner.java:42)
	at com.intellij.rt.execution.junit.JUnitStarter.prepareStreamsAndStart(JUnitStarter.java:262)
	at com.intellij.rt.execution.junit.JUnitStarter.main(JUnitStarter.java:84)
	at sun.reflect.NativeMethodAccessorImpl.invoke0(Native Method)
	at sun.reflect.NativeMethodAccessorImpl.invoke(NativeMethodAccessorImpl.java:62)
	at sun.reflect.DelegatingMethodAccessorImpl.invoke(DelegatingMethodAccessorImpl.java:43)
	at java.lang.reflect.Method.invoke(Method.java:498)
	at com.intellij.rt.execution.application.AppMain.main(AppMain.java:147)
Caused by: org.springframework.beans.factory.BeanCreationException: Error creating bean with name 'org.springframework.aop.config.internalAutoProxyCreator': Instantiation of bean failed; nested exception is org.springframework.beans.BeanInstantiationException: Failed to instantiate [org.springframework.aop.aspectj.annotation.AnnotationAwareAspectJAutoProxyCreator]: Constructor threw exception; nested exception is java.lang.NoClassDefFoundError: Could not initialize class org.springframework.aop.aspectj.annotation.ReflectiveAspectJAdvisorFactory
	at org.springframework.beans.factory.support.AbstractAutowireCapableBeanFactory.instantiateBean(AbstractAutowireCapableBeanFactory.java:1105)
	at org.springframework.beans.factory.support.AbstractAutowireCapableBeanFactory.createBeanInstance(AbstractAutowireCapableBeanFactory.java:1050)
	at org.springframework.beans.factory.support.AbstractAutowireCapableBeanFactory.doCreateBean(AbstractAutowireCapableBeanFactory.java:510)
	at org.springframework.beans.factory.support.AbstractAutowireCapableBeanFactory.createBean(AbstractAutowireCapableBeanFactory.java:482)
	at org.springframework.beans.factory.support.AbstractBeanFactory$1.getObject(AbstractBeanFactory.java:306)
	at org.springframework.beans.factory.support.DefaultSingletonBeanRegistry.getSingleton(DefaultSingletonBeanRegistry.java:230)
	at org.springframework.beans.factory.support.AbstractBeanFactory.doGetBean(AbstractBeanFactory.java:302)
	at org.springframework.beans.factory.support.AbstractBeanFactory.getBean(AbstractBeanFactory.java:202)
	at org.springframework.context.support.PostProcessorRegistrationDelegate.registerBeanPostProcessors(PostProcessorRegistrationDelegate.java:228)
	at org.springframework.context.support.AbstractApplicationContext.registerBeanPostProcessors(AbstractApplicationContext.java:687)
	at org.springframework.context.support.AbstractApplicationContext.refresh(AbstractApplicationContext.java:523)
	at org.springframework.test.context.support.AbstractGenericContextLoader.loadContext(AbstractGenericContextLoader.java:125)
	at org.springframework.test.context.support.AbstractGenericContextLoader.loadContext(AbstractGenericContextLoader.java:60)
	at org.springframework.test.context.support.AbstractDelegatingSmartContextLoader.delegateLoading(AbstractDelegatingSmartContextLoader.java:109)
	at org.springframework.test.context.support.AbstractDelegatingSmartContextLoader.loadContext(AbstractDelegatingSmartContextLoader.java:261)
	at org.springframework.test.context.cache.DefaultCacheAwareContextLoaderDelegate.loadContextInternal(DefaultCacheAwareContextLoaderDelegate.java:98)
	at org.springframework.test.context.cache.DefaultCacheAwareContextLoaderDelegate.loadContext(DefaultCacheAwareContextLoaderDelegate.java:116)
	... 29 more
Caused by: org.springframework.beans.BeanInstantiationException: Failed to instantiate [org.springframework.aop.aspectj.annotation.AnnotationAwareAspectJAutoProxyCreator]: Constructor threw exception; nested exception is java.lang.NoClassDefFoundError: Could not initialize class org.springframework.aop.aspectj.annotation.ReflectiveAspectJAdvisorFactory
	at org.springframework.beans.BeanUtils.instantiateClass(BeanUtils.java:163)
	at org.springframework.beans.factory.support.SimpleInstantiationStrategy.instantiate(SimpleInstantiationStrategy.java:89)
	at org.springframework.beans.factory.support.AbstractAutowireCapableBeanFactory.instantiateBean(AbstractAutowireCapableBeanFactory.java:1098)
	... 45 more
Caused by: java.lang.NoClassDefFoundError: Could not initialize class org.springframework.aop.aspectj.annotation.ReflectiveAspectJAdvisorFactory
	at org.springframework.aop.aspectj.annotation.AnnotationAwareAspectJAutoProxyCreator.<init>(AnnotationAwareAspectJAutoProxyCreator.java:53)
	at sun.reflect.NativeConstructorAccessorImpl.newInstance0(Native Method)
	at sun.reflect.NativeConstructorAccessorImpl.newInstance(NativeConstructorAccessorImpl.java:62)
	at sun.reflect.DelegatingConstructorAccessorImpl.newInstance(DelegatingConstructorAccessorImpl.java:45)
	at java.lang.reflect.Constructor.newInstance(Constructor.java:423)
	at org.springframework.beans.BeanUtils.instantiateClass(BeanUtils.java:147)
	... 47 more
2017-05-17 18:37:12 INFO  XmlBeanDefinitionReader:317 - Loading XML bean definitions from class path resource [test-dao-context.xml]
2017-05-17 18:37:13 INFO  DefaultListableBeanFactory:839 - Overriding bean definition for bean 'userDao' with a different definition: replacing [Generic bean: class [dao.impl.UserDao]; scope=singleton; abstract=false; lazyInit=false; autowireMode=0; dependencyCheck=0; autowireCandidate=true; primary=false; factoryBeanName=null; factoryMethodName=null; initMethodName=null; destroyMethodName=null; defined in file [C:\Users\Дмитрий\Desktop\NetCracker\курсы\onlineshop\dao\target\classes\dao\impl\UserDao.class]] with [Generic bean: class [dao.impl.UserDao]; scope=; abstract=false; lazyInit=false; autowireMode=0; dependencyCheck=0; autowireCandidate=true; primary=false; factoryBeanName=null; factoryMethodName=null; initMethodName=null; destroyMethodName=null; defined in class path resource [test-dao-context.xml]]
2017-05-17 18:37:13 INFO  GenericApplicationContext:578 - Refreshing org.springframework.context.support.GenericApplicationContext@394a2528: startup date [Wed May 17 18:37:13 MSK 2017]; root of context hierarchy
2017-05-17 18:37:13 WARN  GenericApplicationContext:546 - Exception encountered during context initialization - cancelling refresh attempt: org.springframework.beans.factory.BeanCreationException: Error creating bean with name 'org.springframework.aop.config.internalAutoProxyCreator': Instantiation of bean failed; nested exception is org.springframework.beans.BeanInstantiationException: Failed to instantiate [org.springframework.aop.aspectj.annotation.AnnotationAwareAspectJAutoProxyCreator]: Constructor threw exception; nested exception is java.lang.NoClassDefFoundError: Could not initialize class org.springframework.aop.aspectj.annotation.ReflectiveAspectJAdvisorFactory
2017-05-17 18:37:13 ERROR TestContextManager:231 - Caught exception while allowing TestExecutionListener [org.springframework.test.context.support.DependencyInjectionTestExecutionListener@482f8f11] to prepare test instance [UserDaoImplTest@482bce4f]
java.lang.IllegalStateException: Failed to load ApplicationContext
	at org.springframework.test.context.cache.DefaultCacheAwareContextLoaderDelegate.loadContext(DefaultCacheAwareContextLoaderDelegate.java:124)
	at org.springframework.test.context.support.DefaultTestContext.getApplicationContext(DefaultTestContext.java:83)
	at org.springframework.test.context.support.DependencyInjectionTestExecutionListener.injectDependencies(DependencyInjectionTestExecutionListener.java:117)
	at org.springframework.test.context.support.DependencyInjectionTestExecutionListener.prepareTestInstance(DependencyInjectionTestExecutionListener.java:83)
	at org.springframework.test.context.TestContextManager.prepareTestInstance(TestContextManager.java:228)
	at org.springframework.test.context.junit4.SpringJUnit4ClassRunner.createTest(SpringJUnit4ClassRunner.java:230)
	at org.springframework.test.context.junit4.SpringJUnit4ClassRunner$1.runReflectiveCall(SpringJUnit4ClassRunner.java:289)
	at org.junit.internal.runners.model.ReflectiveCallable.run(ReflectiveCallable.java:12)
	at org.springframework.test.context.junit4.SpringJUnit4ClassRunner.methodBlock(SpringJUnit4ClassRunner.java:291)
	at org.springframework.test.context.junit4.SpringJUnit4ClassRunner.runChild(SpringJUnit4ClassRunner.java:249)
	at org.springframework.test.context.junit4.SpringJUnit4ClassRunner.runChild(SpringJUnit4ClassRunner.java:89)
	at org.junit.runners.ParentRunner$3.run(ParentRunner.java:290)
	at org.junit.runners.ParentRunner$1.schedule(ParentRunner.java:71)
	at org.junit.runners.ParentRunner.runChildren(ParentRunner.java:288)
	at org.junit.runners.ParentRunner.access$000(ParentRunner.java:58)
	at org.junit.runners.ParentRunner$2.evaluate(ParentRunner.java:268)
	at org.springframework.test.context.junit4.statements.RunBeforeTestClassCallbacks.evaluate(RunBeforeTestClassCallbacks.java:61)
	at org.springframework.test.context.junit4.statements.RunAfterTestClassCallbacks.evaluate(RunAfterTestClassCallbacks.java:70)
	at org.junit.runners.ParentRunner.run(ParentRunner.java:363)
	at org.springframework.test.context.junit4.SpringJUnit4ClassRunner.run(SpringJUnit4ClassRunner.java:193)
	at org.junit.runner.JUnitCore.run(JUnitCore.java:137)
	at com.intellij.junit4.JUnit4IdeaTestRunner.startRunnerWithArgs(JUnit4IdeaTestRunner.java:117)
	at com.intellij.junit4.JUnit4IdeaTestRunner.startRunnerWithArgs(JUnit4IdeaTestRunner.java:42)
	at com.intellij.rt.execution.junit.JUnitStarter.prepareStreamsAndStart(JUnitStarter.java:262)
	at com.intellij.rt.execution.junit.JUnitStarter.main(JUnitStarter.java:84)
	at sun.reflect.NativeMethodAccessorImpl.invoke0(Native Method)
	at sun.reflect.NativeMethodAccessorImpl.invoke(NativeMethodAccessorImpl.java:62)
	at sun.reflect.DelegatingMethodAccessorImpl.invoke(DelegatingMethodAccessorImpl.java:43)
	at java.lang.reflect.Method.invoke(Method.java:498)
	at com.intellij.rt.execution.application.AppMain.main(AppMain.java:147)
Caused by: org.springframework.beans.factory.BeanCreationException: Error creating bean with name 'org.springframework.aop.config.internalAutoProxyCreator': Instantiation of bean failed; nested exception is org.springframework.beans.BeanInstantiationException: Failed to instantiate [org.springframework.aop.aspectj.annotation.AnnotationAwareAspectJAutoProxyCreator]: Constructor threw exception; nested exception is java.lang.NoClassDefFoundError: Could not initialize class org.springframework.aop.aspectj.annotation.ReflectiveAspectJAdvisorFactory
	at org.springframework.beans.factory.support.AbstractAutowireCapableBeanFactory.instantiateBean(AbstractAutowireCapableBeanFactory.java:1105)
	at org.springframework.beans.factory.support.AbstractAutowireCapableBeanFactory.createBeanInstance(AbstractAutowireCapableBeanFactory.java:1050)
	at org.springframework.beans.factory.support.AbstractAutowireCapableBeanFactory.doCreateBean(AbstractAutowireCapableBeanFactory.java:510)
	at org.springframework.beans.factory.support.AbstractAutowireCapableBeanFactory.createBean(AbstractAutowireCapableBeanFactory.java:482)
	at org.springframework.beans.factory.support.AbstractBeanFactory$1.getObject(AbstractBeanFactory.java:306)
	at org.springframework.beans.factory.support.DefaultSingletonBeanRegistry.getSingleton(DefaultSingletonBeanRegistry.java:230)
	at org.springframework.beans.factory.support.AbstractBeanFactory.doGetBean(AbstractBeanFactory.java:302)
	at org.springframework.beans.factory.support.AbstractBeanFactory.getBean(AbstractBeanFactory.java:202)
	at org.springframework.context.support.PostProcessorRegistrationDelegate.registerBeanPostProcessors(PostProcessorRegistrationDelegate.java:228)
	at org.springframework.context.support.AbstractApplicationContext.registerBeanPostProcessors(AbstractApplicationContext.java:687)
	at org.springframework.context.support.AbstractApplicationContext.refresh(AbstractApplicationContext.java:523)
	at org.springframework.test.context.support.AbstractGenericContextLoader.loadContext(AbstractGenericContextLoader.java:125)
	at org.springframework.test.context.support.AbstractGenericContextLoader.loadContext(AbstractGenericContextLoader.java:60)
	at org.springframework.test.context.support.AbstractDelegatingSmartContextLoader.delegateLoading(AbstractDelegatingSmartContextLoader.java:109)
	at org.springframework.test.context.support.AbstractDelegatingSmartContextLoader.loadContext(AbstractDelegatingSmartContextLoader.java:261)
	at org.springframework.test.context.cache.DefaultCacheAwareContextLoaderDelegate.loadContextInternal(DefaultCacheAwareContextLoaderDelegate.java:98)
	at org.springframework.test.context.cache.DefaultCacheAwareContextLoaderDelegate.loadContext(DefaultCacheAwareContextLoaderDelegate.java:116)
	... 29 more
Caused by: org.springframework.beans.BeanInstantiationException: Failed to instantiate [org.springframework.aop.aspectj.annotation.AnnotationAwareAspectJAutoProxyCreator]: Constructor threw exception; nested exception is java.lang.NoClassDefFoundError: Could not initialize class org.springframework.aop.aspectj.annotation.ReflectiveAspectJAdvisorFactory
	at org.springframework.beans.BeanUtils.instantiateClass(BeanUtils.java:163)
	at org.springframework.beans.factory.support.SimpleInstantiationStrategy.instantiate(SimpleInstantiationStrategy.java:89)
	at org.springframework.beans.factory.support.AbstractAutowireCapableBeanFactory.instantiateBean(AbstractAutowireCapableBeanFactory.java:1098)
	... 45 more
Caused by: java.lang.NoClassDefFoundError: Could not initialize class org.springframework.aop.aspectj.annotation.ReflectiveAspectJAdvisorFactory
	at org.springframework.aop.aspectj.annotation.AnnotationAwareAspectJAutoProxyCreator.<init>(AnnotationAwareAspectJAutoProxyCreator.java:53)
	at sun.reflect.NativeConstructorAccessorImpl.newInstance0(Native Method)
	at sun.reflect.NativeConstructorAccessorImpl.newInstance(NativeConstructorAccessorImpl.java:62)
	at sun.reflect.DelegatingConstructorAccessorImpl.newInstance(DelegatingConstructorAccessorImpl.java:45)
	at java.lang.reflect.Constructor.newInstance(Constructor.java:423)
	at org.springframework.beans.BeanUtils.instantiateClass(BeanUtils.java:147)
	... 47 more
2017-05-17 18:37:13 INFO  XmlBeanDefinitionReader:317 - Loading XML bean definitions from class path resource [test-dao-context.xml]
2017-05-17 18:37:13 INFO  DefaultListableBeanFactory:839 - Overriding bean definition for bean 'userDao' with a different definition: replacing [Generic bean: class [dao.impl.UserDao]; scope=singleton; abstract=false; lazyInit=false; autowireMode=0; dependencyCheck=0; autowireCandidate=true; primary=false; factoryBeanName=null; factoryMethodName=null; initMethodName=null; destroyMethodName=null; defined in file [C:\Users\Дмитрий\Desktop\NetCracker\курсы\onlineshop\dao\target\classes\dao\impl\UserDao.class]] with [Generic bean: class [dao.impl.UserDao]; scope=; abstract=false; lazyInit=false; autowireMode=0; dependencyCheck=0; autowireCandidate=true; primary=false; factoryBeanName=null; factoryMethodName=null; initMethodName=null; destroyMethodName=null; defined in class path resource [test-dao-context.xml]]
2017-05-17 18:37:13 INFO  GenericApplicationContext:578 - Refreshing org.springframework.context.support.GenericApplicationContext@4da4253: startup date [Wed May 17 18:37:13 MSK 2017]; root of context hierarchy
2017-05-17 18:37:13 WARN  GenericApplicationContext:546 - Exception encountered during context initialization - cancelling refresh attempt: org.springframework.beans.factory.BeanCreationException: Error creating bean with name 'org.springframework.aop.config.internalAutoProxyCreator': Instantiation of bean failed; nested exception is org.springframework.beans.BeanInstantiationException: Failed to instantiate [org.springframework.aop.aspectj.annotation.AnnotationAwareAspectJAutoProxyCreator]: Constructor threw exception; nested exception is java.lang.NoClassDefFoundError: Could not initialize class org.springframework.aop.aspectj.annotation.ReflectiveAspectJAdvisorFactory
2017-05-17 18:37:13 ERROR TestContextManager:231 - Caught exception while allowing TestExecutionListener [org.springframework.test.context.support.DependencyInjectionTestExecutionListener@482f8f11] to prepare test instance [UserDaoImplTest@193f604a]
java.lang.IllegalStateException: Failed to load ApplicationContext
	at org.springframework.test.context.cache.DefaultCacheAwareContextLoaderDelegate.loadContext(DefaultCacheAwareContextLoaderDelegate.java:124)
	at org.springframework.test.context.support.DefaultTestContext.getApplicationContext(DefaultTestContext.java:83)
	at org.springframework.test.context.support.DependencyInjectionTestExecutionListener.injectDependencies(DependencyInjectionTestExecutionListener.java:117)
	at org.springframework.test.context.support.DependencyInjectionTestExecutionListener.prepareTestInstance(DependencyInjectionTestExecutionListener.java:83)
	at org.springframework.test.context.TestContextManager.prepareTestInstance(TestContextManager.java:228)
	at org.springframework.test.context.junit4.SpringJUnit4ClassRunner.createTest(SpringJUnit4ClassRunner.java:230)
	at org.springframework.test.context.junit4.SpringJUnit4ClassRunner$1.runReflectiveCall(SpringJUnit4ClassRunner.java:289)
	at org.junit.internal.runners.model.ReflectiveCallable.run(ReflectiveCallable.java:12)
	at org.springframework.test.context.junit4.SpringJUnit4ClassRunner.methodBlock(SpringJUnit4ClassRunner.java:291)
	at org.springframework.test.context.junit4.SpringJUnit4ClassRunner.runChild(SpringJUnit4ClassRunner.java:249)
	at org.springframework.test.context.junit4.SpringJUnit4ClassRunner.runChild(SpringJUnit4ClassRunner.java:89)
	at org.junit.runners.ParentRunner$3.run(ParentRunner.java:290)
	at org.junit.runners.ParentRunner$1.schedule(ParentRunner.java:71)
	at org.junit.runners.ParentRunner.runChildren(ParentRunner.java:288)
	at org.junit.runners.ParentRunner.access$000(ParentRunner.java:58)
	at org.junit.runners.ParentRunner$2.evaluate(ParentRunner.java:268)
	at org.springframework.test.context.junit4.statements.RunBeforeTestClassCallbacks.evaluate(RunBeforeTestClassCallbacks.java:61)
	at org.springframework.test.context.junit4.statements.RunAfterTestClassCallbacks.evaluate(RunAfterTestClassCallbacks.java:70)
	at org.junit.runners.ParentRunner.run(ParentRunner.java:363)
	at org.springframework.test.context.junit4.SpringJUnit4ClassRunner.run(SpringJUnit4ClassRunner.java:193)
	at org.junit.runner.JUnitCore.run(JUnitCore.java:137)
	at com.intellij.junit4.JUnit4IdeaTestRunner.startRunnerWithArgs(JUnit4IdeaTestRunner.java:117)
	at com.intellij.junit4.JUnit4IdeaTestRunner.startRunnerWithArgs(JUnit4IdeaTestRunner.java:42)
	at com.intellij.rt.execution.junit.JUnitStarter.prepareStreamsAndStart(JUnitStarter.java:262)
	at com.intellij.rt.execution.junit.JUnitStarter.main(JUnitStarter.java:84)
	at sun.reflect.NativeMethodAccessorImpl.invoke0(Native Method)
	at sun.reflect.NativeMethodAccessorImpl.invoke(NativeMethodAccessorImpl.java:62)
	at sun.reflect.DelegatingMethodAccessorImpl.invoke(DelegatingMethodAccessorImpl.java:43)
	at java.lang.reflect.Method.invoke(Method.java:498)
	at com.intellij.rt.execution.application.AppMain.main(AppMain.java:147)
Caused by: org.springframework.beans.factory.BeanCreationException: Error creating bean with name 'org.springframework.aop.config.internalAutoProxyCreator': Instantiation of bean failed; nested exception is org.springframework.beans.BeanInstantiationException: Failed to instantiate [org.springframework.aop.aspectj.annotation.AnnotationAwareAspectJAutoProxyCreator]: Constructor threw exception; nested exception is java.lang.NoClassDefFoundError: Could not initialize class org.springframework.aop.aspectj.annotation.ReflectiveAspectJAdvisorFactory
	at org.springframework.beans.factory.support.AbstractAutowireCapableBeanFactory.instantiateBean(AbstractAutowireCapableBeanFactory.java:1105)
	at org.springframework.beans.factory.support.AbstractAutowireCapableBeanFactory.createBeanInstance(AbstractAutowireCapableBeanFactory.java:1050)
	at org.springframework.beans.factory.support.AbstractAutowireCapableBeanFactory.doCreateBean(AbstractAutowireCapableBeanFactory.java:510)
	at org.springframework.beans.factory.support.AbstractAutowireCapableBeanFactory.createBean(AbstractAutowireCapableBeanFactory.java:482)
	at org.springframework.beans.factory.support.AbstractBeanFactory$1.getObject(AbstractBeanFactory.java:306)
	at org.springframework.beans.factory.support.DefaultSingletonBeanRegistry.getSingleton(DefaultSingletonBeanRegistry.java:230)
	at org.springframework.beans.factory.support.AbstractBeanFactory.doGetBean(AbstractBeanFactory.java:302)
	at org.springframework.beans.factory.support.AbstractBeanFactory.getBean(AbstractBeanFactory.java:202)
	at org.springframework.context.support.PostProcessorRegistrationDelegate.registerBeanPostProcessors(PostProcessorRegistrationDelegate.java:228)
	at org.springframework.context.support.AbstractApplicationContext.registerBeanPostProcessors(AbstractApplicationContext.java:687)
	at org.springframework.context.support.AbstractApplicationContext.refresh(AbstractApplicationContext.java:523)
	at org.springframework.test.context.support.AbstractGenericContextLoader.loadContext(AbstractGenericContextLoader.java:125)
	at org.springframework.test.context.support.AbstractGenericContextLoader.loadContext(AbstractGenericContextLoader.java:60)
	at org.springframework.test.context.support.AbstractDelegatingSmartContextLoader.delegateLoading(AbstractDelegatingSmartContextLoader.java:109)
	at org.springframework.test.context.support.AbstractDelegatingSmartContextLoader.loadContext(AbstractDelegatingSmartContextLoader.java:261)
	at org.springframework.test.context.cache.DefaultCacheAwareContextLoaderDelegate.loadContextInternal(DefaultCacheAwareContextLoaderDelegate.java:98)
	at org.springframework.test.context.cache.DefaultCacheAwareContextLoaderDelegate.loadContext(DefaultCacheAwareContextLoaderDelegate.java:116)
	... 29 more
Caused by: org.springframework.beans.BeanInstantiationException: Failed to instantiate [org.springframework.aop.aspectj.annotation.AnnotationAwareAspectJAutoProxyCreator]: Constructor threw exception; nested exception is java.lang.NoClassDefFoundError: Could not initialize class org.springframework.aop.aspectj.annotation.ReflectiveAspectJAdvisorFactory
	at org.springframework.beans.BeanUtils.instantiateClass(BeanUtils.java:163)
	at org.springframework.beans.factory.support.SimpleInstantiationStrategy.instantiate(SimpleInstantiationStrategy.java:89)
	at org.springframework.beans.factory.support.AbstractAutowireCapableBeanFactory.instantiateBean(AbstractAutowireCapableBeanFactory.java:1098)
	... 45 more
Caused by: java.lang.NoClassDefFoundError: Could not initialize class org.springframework.aop.aspectj.annotation.ReflectiveAspectJAdvisorFactory
	at org.springframework.aop.aspectj.annotation.AnnotationAwareAspectJAutoProxyCreator.<init>(AnnotationAwareAspectJAutoProxyCreator.java:53)
	at sun.reflect.NativeConstructorAccessorImpl.newInstance0(Native Method)
	at sun.reflect.NativeConstructorAccessorImpl.newInstance(NativeConstructorAccessorImpl.java:62)
	at sun.reflect.DelegatingConstructorAccessorImpl.newInstance(DelegatingConstructorAccessorImpl.java:45)
	at java.lang.reflect.Constructor.newInstance(Constructor.java:423)
	at org.springframework.beans.BeanUtils.instantiateClass(BeanUtils.java:147)
	... 47 more
2017-05-17 18:37:13 INFO  XmlBeanDefinitionReader:317 - Loading XML bean definitions from class path resource [test-dao-context.xml]
2017-05-17 18:37:13 INFO  DefaultListableBeanFactory:839 - Overriding bean definition for bean 'userDao' with a different definition: replacing [Generic bean: class [dao.impl.UserDao]; scope=singleton; abstract=false; lazyInit=false; autowireMode=0; dependencyCheck=0; autowireCandidate=true; primary=false; factoryBeanName=null; factoryMethodName=null; initMethodName=null; destroyMethodName=null; defined in file [C:\Users\Дмитрий\Desktop\NetCracker\курсы\onlineshop\dao\target\classes\dao\impl\UserDao.class]] with [Generic bean: class [dao.impl.UserDao]; scope=; abstract=false; lazyInit=false; autowireMode=0; dependencyCheck=0; autowireCandidate=true; primary=false; factoryBeanName=null; factoryMethodName=null; initMethodName=null; destroyMethodName=null; defined in class path resource [test-dao-context.xml]]
2017-05-17 18:37:13 INFO  GenericApplicationContext:578 - Refreshing org.springframework.context.support.GenericApplicationContext@d29f28: startup date [Wed May 17 18:37:13 MSK 2017]; root of context hierarchy
2017-05-17 18:37:13 WARN  GenericApplicationContext:546 - Exception encountered during context initialization - cancelling refresh attempt: org.springframework.beans.factory.BeanCreationException: Error creating bean with name 'org.springframework.aop.config.internalAutoProxyCreator': Instantiation of bean failed; nested exception is org.springframework.beans.BeanInstantiationException: Failed to instantiate [org.springframework.aop.aspectj.annotation.AnnotationAwareAspectJAutoProxyCreator]: Constructor threw exception; nested exception is java.lang.NoClassDefFoundError: Could not initialize class org.springframework.aop.aspectj.annotation.ReflectiveAspectJAdvisorFactory
2017-05-17 18:37:13 ERROR TestContextManager:231 - Caught exception while allowing TestExecutionListener [org.springframework.test.context.support.DependencyInjectionTestExecutionListener@482f8f11] to prepare test instance [UserDaoImplTest@1a18644]
java.lang.IllegalStateException: Failed to load ApplicationContext
	at org.springframework.test.context.cache.DefaultCacheAwareContextLoaderDelegate.loadContext(DefaultCacheAwareContextLoaderDelegate.java:124)
	at org.springframework.test.context.support.DefaultTestContext.getApplicationContext(DefaultTestContext.java:83)
	at org.springframework.test.context.support.DependencyInjectionTestExecutionListener.injectDependencies(DependencyInjectionTestExecutionListener.java:117)
	at org.springframework.test.context.support.DependencyInjectionTestExecutionListener.prepareTestInstance(DependencyInjectionTestExecutionListener.java:83)
	at org.springframework.test.context.TestContextManager.prepareTestInstance(TestContextManager.java:228)
	at org.springframework.test.context.junit4.SpringJUnit4ClassRunner.createTest(SpringJUnit4ClassRunner.java:230)
	at org.springframework.test.context.junit4.SpringJUnit4ClassRunner$1.runReflectiveCall(SpringJUnit4ClassRunner.java:289)
	at org.junit.internal.runners.model.ReflectiveCallable.run(ReflectiveCallable.java:12)
	at org.springframework.test.context.junit4.SpringJUnit4ClassRunner.methodBlock(SpringJUnit4ClassRunner.java:291)
	at org.springframework.test.context.junit4.SpringJUnit4ClassRunner.runChild(SpringJUnit4ClassRunner.java:249)
	at org.springframework.test.context.junit4.SpringJUnit4ClassRunner.runChild(SpringJUnit4ClassRunner.java:89)
	at org.junit.runners.ParentRunner$3.run(ParentRunner.java:290)
	at org.junit.runners.ParentRunner$1.schedule(ParentRunner.java:71)
	at org.junit.runners.ParentRunner.runChildren(ParentRunner.java:288)
	at org.junit.runners.ParentRunner.access$000(ParentRunner.java:58)
	at org.junit.runners.ParentRunner$2.evaluate(ParentRunner.java:268)
	at org.springframework.test.context.junit4.statements.RunBeforeTestClassCallbacks.evaluate(RunBeforeTestClassCallbacks.java:61)
	at org.springframework.test.context.junit4.statements.RunAfterTestClassCallbacks.evaluate(RunAfterTestClassCallbacks.java:70)
	at org.junit.runners.ParentRunner.run(ParentRunner.java:363)
	at org.springframework.test.context.junit4.SpringJUnit4ClassRunner.run(SpringJUnit4ClassRunner.java:193)
	at org.junit.runner.JUnitCore.run(JUnitCore.java:137)
	at com.intellij.junit4.JUnit4IdeaTestRunner.startRunnerWithArgs(JUnit4IdeaTestRunner.java:117)
	at com.intellij.junit4.JUnit4IdeaTestRunner.startRunnerWithArgs(JUnit4IdeaTestRunner.java:42)
	at com.intellij.rt.execution.junit.JUnitStarter.prepareStreamsAndStart(JUnitStarter.java:262)
	at com.intellij.rt.execution.junit.JUnitStarter.main(JUnitStarter.java:84)
	at sun.reflect.NativeMethodAccessorImpl.invoke0(Native Method)
	at sun.reflect.NativeMethodAccessorImpl.invoke(NativeMethodAccessorImpl.java:62)
	at sun.reflect.DelegatingMethodAccessorImpl.invoke(DelegatingMethodAccessorImpl.java:43)
	at java.lang.reflect.Method.invoke(Method.java:498)
	at com.intellij.rt.execution.application.AppMain.main(AppMain.java:147)
Caused by: org.springframework.beans.factory.BeanCreationException: Error creating bean with name 'org.springframework.aop.config.internalAutoProxyCreator': Instantiation of bean failed; nested exception is org.springframework.beans.BeanInstantiationException: Failed to instantiate [org.springframework.aop.aspectj.annotation.AnnotationAwareAspectJAutoProxyCreator]: Constructor threw exception; nested exception is java.lang.NoClassDefFoundError: Could not initialize class org.springframework.aop.aspectj.annotation.ReflectiveAspectJAdvisorFactory
	at org.springframework.beans.factory.support.AbstractAutowireCapableBeanFactory.instantiateBean(AbstractAutowireCapableBeanFactory.java:1105)
	at org.springframework.beans.factory.support.AbstractAutowireCapableBeanFactory.createBeanInstance(AbstractAutowireCapableBeanFactory.java:1050)
	at org.springframework.beans.factory.support.AbstractAutowireCapableBeanFactory.doCreateBean(AbstractAutowireCapableBeanFactory.java:510)
	at org.springframework.beans.factory.support.AbstractAutowireCapableBeanFactory.createBean(AbstractAutowireCapableBeanFactory.java:482)
	at org.springframework.beans.factory.support.AbstractBeanFactory$1.getObject(AbstractBeanFactory.java:306)
	at org.springframework.beans.factory.support.DefaultSingletonBeanRegistry.getSingleton(DefaultSingletonBeanRegistry.java:230)
	at org.springframework.beans.factory.support.AbstractBeanFactory.doGetBean(AbstractBeanFactory.java:302)
	at org.springframework.beans.factory.support.AbstractBeanFactory.getBean(AbstractBeanFactory.java:202)
	at org.springframework.context.support.PostProcessorRegistrationDelegate.registerBeanPostProcessors(PostProcessorRegistrationDelegate.java:228)
	at org.springframework.context.support.AbstractApplicationContext.registerBeanPostProcessors(AbstractApplicationContext.java:687)
	at org.springframework.context.support.AbstractApplicationContext.refresh(AbstractApplicationContext.java:523)
	at org.springframework.test.context.support.AbstractGenericContextLoader.loadContext(AbstractGenericContextLoader.java:125)
	at org.springframework.test.context.support.AbstractGenericContextLoader.loadContext(AbstractGenericContextLoader.java:60)
	at org.springframework.test.context.support.AbstractDelegatingSmartContextLoader.delegateLoading(AbstractDelegatingSmartContextLoader.java:109)
	at org.springframework.test.context.support.AbstractDelegatingSmartContextLoader.loadContext(AbstractDelegatingSmartContextLoader.java:261)
	at org.springframework.test.context.cache.DefaultCacheAwareContextLoaderDelegate.loadContextInternal(DefaultCacheAwareContextLoaderDelegate.java:98)
	at org.springframework.test.context.cache.DefaultCacheAwareContextLoaderDelegate.loadContext(DefaultCacheAwareContextLoaderDelegate.java:116)
	... 29 more
Caused by: org.springframework.beans.BeanInstantiationException: Failed to instantiate [org.springframework.aop.aspectj.annotation.AnnotationAwareAspectJAutoProxyCreator]: Constructor threw exception; nested exception is java.lang.NoClassDefFoundError: Could not initialize class org.springframework.aop.aspectj.annotation.ReflectiveAspectJAdvisorFactory
	at org.springframework.beans.BeanUtils.instantiateClass(BeanUtils.java:163)
	at org.springframework.beans.factory.support.SimpleInstantiationStrategy.instantiate(SimpleInstantiationStrategy.java:89)
	at org.springframework.beans.factory.support.AbstractAutowireCapableBeanFactory.instantiateBean(AbstractAutowireCapableBeanFactory.java:1098)
	... 45 more
Caused by: java.lang.NoClassDefFoundError: Could not initialize class org.springframework.aop.aspectj.annotation.ReflectiveAspectJAdvisorFactory
	at org.springframework.aop.aspectj.annotation.AnnotationAwareAspectJAutoProxyCreator.<init>(AnnotationAwareAspectJAutoProxyCreator.java:53)
	at sun.reflect.NativeConstructorAccessorImpl.newInstance0(Native Method)
	at sun.reflect.NativeConstructorAccessorImpl.newInstance(NativeConstructorAccessorImpl.java:62)
	at sun.reflect.DelegatingConstructorAccessorImpl.newInstance(DelegatingConstructorAccessorImpl.java:45)
	at java.lang.reflect.Constructor.newInstance(Constructor.java:423)
	at org.springframework.beans.BeanUtils.instantiateClass(BeanUtils.java:147)
	... 47 more
2017-05-17 18:37:35 INFO  DefaultTestContextBootstrapper:259 - Loaded default TestExecutionListener class names from location [META-INF/spring.factories]: [org.springframework.test.context.web.ServletTestExecutionListener, org.springframework.test.context.support.DirtiesContextBeforeModesTestExecutionListener, org.springframework.test.context.support.DependencyInjectionTestExecutionListener, org.springframework.test.context.support.DirtiesContextTestExecutionListener, org.springframework.test.context.transaction.TransactionalTestExecutionListener, org.springframework.test.context.jdbc.SqlScriptsTestExecutionListener]
2017-05-17 18:37:35 INFO  DefaultTestContextBootstrapper:207 - Could not instantiate TestExecutionListener [org.springframework.test.context.web.ServletTestExecutionListener]. Specify custom listener classes or make the default listener classes (and their required dependencies) available. Offending class: [javax/servlet/ServletContext]
2017-05-17 18:37:35 INFO  DefaultTestContextBootstrapper:185 - Using TestExecutionListeners: [org.springframework.test.context.support.DirtiesContextBeforeModesTestExecutionListener@7823a2f9, org.springframework.test.context.support.DependencyInjectionTestExecutionListener@4cc0edeb, org.springframework.test.context.support.DirtiesContextTestExecutionListener@457e2f02, org.springframework.test.context.transaction.TransactionalTestExecutionListener@5c7fa833, org.springframework.test.context.jdbc.SqlScriptsTestExecutionListener@39aeed2f]
2017-05-17 18:37:35 INFO  XmlBeanDefinitionReader:317 - Loading XML bean definitions from class path resource [test-dao-context.xml]
2017-05-17 18:37:36 INFO  DefaultListableBeanFactory:839 - Overriding bean definition for bean 'userDao' with a different definition: replacing [Generic bean: class [dao.impl.UserDao]; scope=singleton; abstract=false; lazyInit=false; autowireMode=0; dependencyCheck=0; autowireCandidate=true; primary=false; factoryBeanName=null; factoryMethodName=null; initMethodName=null; destroyMethodName=null; defined in file [C:\Users\Дмитрий\Desktop\NetCracker\курсы\onlineshop\dao\target\classes\dao\impl\UserDao.class]] with [Generic bean: class [dao.impl.UserDao]; scope=; abstract=false; lazyInit=false; autowireMode=0; dependencyCheck=0; autowireCandidate=true; primary=false; factoryBeanName=null; factoryMethodName=null; initMethodName=null; destroyMethodName=null; defined in class path resource [test-dao-context.xml]]
2017-05-17 18:37:36 INFO  GenericApplicationContext:578 - Refreshing org.springframework.context.support.GenericApplicationContext@1ed4004b: startup date [Wed May 17 18:37:36 MSK 2017]; root of context hierarchy
2017-05-17 18:37:37 INFO  Version:66 - HCANN000001: Hibernate Commons Annotations {4.0.5.Final}
2017-05-17 18:37:37 INFO  Version:54 - HHH000412: Hibernate Core {4.3.8.Final}
2017-05-17 18:37:37 INFO  Environment:239 - HHH000206: hibernate.properties not found
2017-05-17 18:37:37 INFO  Environment:346 - HHH000021: Bytecode provider name : javassist
2017-05-17 18:37:39 INFO  Dialect:145 - HHH000400: Using dialect: org.hibernate.dialect.MySQLDialect
2017-05-17 18:37:40 INFO  TransactionFactoryInitiator:62 - HHH000399: Using default transaction strategy (direct JDBC transactions)
2017-05-17 18:37:40 INFO  ASTQueryTranslatorFactory:47 - HHH000397: Using ASTQueryTranslatorFactory
2017-05-17 18:37:41 INFO  SchemaValidator:157 - HHH000229: Running schema validator
2017-05-17 18:37:41 INFO  SchemaValidator:165 - HHH000102: Fetching database metadata
2017-05-17 18:37:42 INFO  TableMetadata:66 - HHH000261: Table found: shop_hibernate.black_list
2017-05-17 18:37:42 INFO  TableMetadata:67 - HHH000037: Columns: [user_id, id, created_date]
2017-05-17 18:37:42 INFO  TableMetadata:66 - HHH000261: Table found: shop_hibernate.category
2017-05-17 18:37:42 INFO  TableMetadata:67 - HHH000037: Columns: [category_shop, id]
2017-05-17 18:37:42 INFO  TableMetadata:66 - HHH000261: Table found: shop_hibernate.goods
2017-05-17 18:37:42 INFO  TableMetadata:67 - HHH000037: Columns: [goods_name, shop_id, category_id, description, producer, id, created_date, number_goods, unit_price]
2017-05-17 18:37:42 INFO  TableMetadata:66 - HHH000261: Table found: shop_hibernate.order_goods
2017-05-17 18:37:42 INFO  TableMetadata:67 - HHH000037: Columns: [id_order, id_goods]
2017-05-17 18:37:42 INFO  TableMetadata:66 - HHH000261: Table found: shop_hibernate.orders
2017-05-17 18:37:42 INFO  TableMetadata:67 - HHH000037: Columns: [order_cost, user_id, id, created_date, status]
2017-05-17 18:37:42 INFO  TableMetadata:66 - HHH000261: Table found: shop_hibernate.role
2017-05-17 18:37:42 INFO  TableMetadata:67 - HHH000037: Columns: [role_name, id]
2017-05-17 18:37:42 INFO  TableMetadata:66 - HHH000261: Table found: shop_hibernate.shop
2017-05-17 18:37:42 INFO  TableMetadata:67 - HHH000037: Columns: [name_shop, description, id, profit]
2017-05-17 18:37:43 INFO  TableMetadata:66 - HHH000261: Table found: shop_hibernate.user
2017-05-17 18:37:43 INFO  TableMetadata:67 - HHH000037: Columns: [shop_id, password, role_id, last_name, id, created_date, login, first_name]
2017-05-17 18:37:43 INFO  TableMetadata:66 - HHH000261: Table found: shop_hibernate.user_profil
2017-05-17 18:37:43 INFO  TableMetadata:67 - HHH000037: Columns: [address, credit_card_number, user_id, id, email, budget]
2017-05-17 18:37:43 INFO  HibernateTransactionManager:360 - Using DataSource [org.apache.commons.dbcp2.BasicDataSource@5af5def9] of Hibernate SessionFactory for HibernateTransactionManager
2017-05-17 18:37:44 INFO  TransactionContext:101 - Began transaction (1) for test context [DefaultTestContext@55120f99 testClass = UserDaoImplTest, testInstance = UserDaoImplTest@794b435f, testMethod = testSave@UserDaoImplTest, testException = [null], mergedContextConfiguration = [MergedContextConfiguration@1c05a54d testClass = UserDaoImplTest, locations = '{classpath:test-dao-context.xml}', classes = '{}', contextInitializerClasses = '[]', activeProfiles = '{}', propertySourceLocations = '{}', propertySourceProperties = '{}', contextLoader = 'org.springframework.test.context.support.DelegatingSmartContextLoader', parent = [null]]]; transaction manager [org.springframework.orm.hibernate4.HibernateTransactionManager@38f2e97e]; rollback [true]
2017-05-17 18:37:44 INFO  TransactionContext:136 - Rolled back transaction for test context [DefaultTestContext@55120f99 testClass = UserDaoImplTest, testInstance = UserDaoImplTest@794b435f, testMethod = testSave@UserDaoImplTest, testException = [null], mergedContextConfiguration = [MergedContextConfiguration@1c05a54d testClass = UserDaoImplTest, locations = '{classpath:test-dao-context.xml}', classes = '{}', contextInitializerClasses = '[]', activeProfiles = '{}', propertySourceLocations = '{}', propertySourceProperties = '{}', contextLoader = 'org.springframework.test.context.support.DelegatingSmartContextLoader', parent = [null]]].
2017-05-17 18:37:44 INFO  TransactionContext:101 - Began transaction (1) for test context [DefaultTestContext@55120f99 testClass = UserDaoImplTest, testInstance = UserDaoImplTest@40021799, testMethod = testGetById@UserDaoImplTest, testException = [null], mergedContextConfiguration = [MergedContextConfiguration@1c05a54d testClass = UserDaoImplTest, locations = '{classpath:test-dao-context.xml}', classes = '{}', contextInitializerClasses = '[]', activeProfiles = '{}', propertySourceLocations = '{}', propertySourceProperties = '{}', contextLoader = 'org.springframework.test.context.support.DelegatingSmartContextLoader', parent = [null]]]; transaction manager [org.springframework.orm.hibernate4.HibernateTransactionManager@38f2e97e]; rollback [true]
2017-05-17 18:37:44 INFO  TransactionContext:136 - Rolled back transaction for test context [DefaultTestContext@55120f99 testClass = UserDaoImplTest, testInstance = UserDaoImplTest@40021799, testMethod = testGetById@UserDaoImplTest, testException = [null], mergedContextConfiguration = [MergedContextConfiguration@1c05a54d testClass = UserDaoImplTest, locations = '{classpath:test-dao-context.xml}', classes = '{}', contextInitializerClasses = '[]', activeProfiles = '{}', propertySourceLocations = '{}', propertySourceProperties = '{}', contextLoader = 'org.springframework.test.context.support.DelegatingSmartContextLoader', parent = [null]]].
2017-05-17 18:37:44 INFO  TransactionContext:101 - Began transaction (1) for test context [DefaultTestContext@55120f99 testClass = UserDaoImplTest, testInstance = UserDaoImplTest@1d4664d7, testMethod = testGetByLogin@UserDaoImplTest, testException = [null], mergedContextConfiguration = [MergedContextConfiguration@1c05a54d testClass = UserDaoImplTest, locations = '{classpath:test-dao-context.xml}', classes = '{}', contextInitializerClasses = '[]', activeProfiles = '{}', propertySourceLocations = '{}', propertySourceProperties = '{}', contextLoader = 'org.springframework.test.context.support.DelegatingSmartContextLoader', parent = [null]]]; transaction manager [org.springframework.orm.hibernate4.HibernateTransactionManager@38f2e97e]; rollback [true]
2017-05-17 18:37:45 INFO  TransactionContext:136 - Rolled back transaction for test context [DefaultTestContext@55120f99 testClass = UserDaoImplTest, testInstance = UserDaoImplTest@1d4664d7, testMethod = testGetByLogin@UserDaoImplTest, testException = [null], mergedContextConfiguration = [MergedContextConfiguration@1c05a54d testClass = UserDaoImplTest, locations = '{classpath:test-dao-context.xml}', classes = '{}', contextInitializerClasses = '[]', activeProfiles = '{}', propertySourceLocations = '{}', propertySourceProperties = '{}', contextLoader = 'org.springframework.test.context.support.DelegatingSmartContextLoader', parent = [null]]].
2017-05-17 18:37:45 INFO  TransactionContext:101 - Began transaction (1) for test context [DefaultTestContext@55120f99 testClass = UserDaoImplTest, testInstance = UserDaoImplTest@51ec2df1, testMethod = testDelete@UserDaoImplTest, testException = [null], mergedContextConfiguration = [MergedContextConfiguration@1c05a54d testClass = UserDaoImplTest, locations = '{classpath:test-dao-context.xml}', classes = '{}', contextInitializerClasses = '[]', activeProfiles = '{}', propertySourceLocations = '{}', propertySourceProperties = '{}', contextLoader = 'org.springframework.test.context.support.DelegatingSmartContextLoader', parent = [null]]]; transaction manager [org.springframework.orm.hibernate4.HibernateTransactionManager@38f2e97e]; rollback [true]
2017-05-17 18:37:45 INFO  TransactionContext:136 - Rolled back transaction for test context [DefaultTestContext@55120f99 testClass = UserDaoImplTest, testInstance = UserDaoImplTest@51ec2df1, testMethod = testDelete@UserDaoImplTest, testException = [null], mergedContextConfiguration = [MergedContextConfiguration@1c05a54d testClass = UserDaoImplTest, locations = '{classpath:test-dao-context.xml}', classes = '{}', contextInitializerClasses = '[]', activeProfiles = '{}', propertySourceLocations = '{}', propertySourceProperties = '{}', contextLoader = 'org.springframework.test.context.support.DelegatingSmartContextLoader', parent = [null]]].
2017-05-17 18:37:45 INFO  TransactionContext:101 - Began transaction (1) for test context [DefaultTestContext@55120f99 testClass = UserDaoImplTest, testInstance = UserDaoImplTest@2b214b94, testMethod = testGetAll@UserDaoImplTest, testException = [null], mergedContextConfiguration = [MergedContextConfiguration@1c05a54d testClass = UserDaoImplTest, locations = '{classpath:test-dao-context.xml}', classes = '{}', contextInitializerClasses = '[]', activeProfiles = '{}', propertySourceLocations = '{}', propertySourceProperties = '{}', contextLoader = 'org.springframework.test.context.support.DelegatingSmartContextLoader', parent = [null]]]; transaction manager [org.springframework.orm.hibernate4.HibernateTransactionManager@38f2e97e]; rollback [true]
2017-05-17 18:37:45 INFO  TransactionContext:136 - Rolled back transaction for test context [DefaultTestContext@55120f99 testClass = UserDaoImplTest, testInstance = UserDaoImplTest@2b214b94, testMethod = testGetAll@UserDaoImplTest, testException = [null], mergedContextConfiguration = [MergedContextConfiguration@1c05a54d testClass = UserDaoImplTest, locations = '{classpath:test-dao-context.xml}', classes = '{}', contextInitializerClasses = '[]', activeProfiles = '{}', propertySourceLocations = '{}', propertySourceProperties = '{}', contextLoader = 'org.springframework.test.context.support.DelegatingSmartContextLoader', parent = [null]]].
2017-05-17 18:37:45 INFO  TransactionContext:101 - Began transaction (1) for test context [DefaultTestContext@55120f99 testClass = UserDaoImplTest, testInstance = UserDaoImplTest@50d3bf39, testMethod = testIsAuthorized@UserDaoImplTest, testException = [null], mergedContextConfiguration = [MergedContextConfiguration@1c05a54d testClass = UserDaoImplTest, locations = '{classpath:test-dao-context.xml}', classes = '{}', contextInitializerClasses = '[]', activeProfiles = '{}', propertySourceLocations = '{}', propertySourceProperties = '{}', contextLoader = 'org.springframework.test.context.support.DelegatingSmartContextLoader', parent = [null]]]; transaction manager [org.springframework.orm.hibernate4.HibernateTransactionManager@38f2e97e]; rollback [true]
2017-05-17 18:37:46 INFO  TransactionContext:136 - Rolled back transaction for test context [DefaultTestContext@55120f99 testClass = UserDaoImplTest, testInstance = UserDaoImplTest@50d3bf39, testMethod = testIsAuthorized@UserDaoImplTest, testException = [null], mergedContextConfiguration = [MergedContextConfiguration@1c05a54d testClass = UserDaoImplTest, locations = '{classpath:test-dao-context.xml}', classes = '{}', contextInitializerClasses = '[]', activeProfiles = '{}', propertySourceLocations = '{}', propertySourceProperties = '{}', contextLoader = 'org.springframework.test.context.support.DelegatingSmartContextLoader', parent = [null]]].
2017-05-17 18:37:46 INFO  TransactionContext:101 - Began transaction (1) for test context [DefaultTestContext@55120f99 testClass = UserDaoImplTest, testInstance = UserDaoImplTest@65ae095c, testMethod = testUpdate@UserDaoImplTest, testException = [null], mergedContextConfiguration = [MergedContextConfiguration@1c05a54d testClass = UserDaoImplTest, locations = '{classpath:test-dao-context.xml}', classes = '{}', contextInitializerClasses = '[]', activeProfiles = '{}', propertySourceLocations = '{}', propertySourceProperties = '{}', contextLoader = 'org.springframework.test.context.support.DelegatingSmartContextLoader', parent = [null]]]; transaction manager [org.springframework.orm.hibernate4.HibernateTransactionManager@38f2e97e]; rollback [true]
2017-05-17 18:37:46 INFO  TransactionContext:136 - Rolled back transaction for test context [DefaultTestContext@55120f99 testClass = UserDaoImplTest, testInstance = UserDaoImplTest@65ae095c, testMethod = testUpdate@UserDaoImplTest, testException = [null], mergedContextConfiguration = [MergedContextConfiguration@1c05a54d testClass = UserDaoImplTest, locations = '{classpath:test-dao-context.xml}', classes = '{}', contextInitializerClasses = '[]', activeProfiles = '{}', propertySourceLocations = '{}', propertySourceProperties = '{}', contextLoader = 'org.springframework.test.context.support.DelegatingSmartContextLoader', parent = [null]]].
2017-05-17 18:37:46 INFO  GenericApplicationContext:960 - Closing org.springframework.context.support.GenericApplicationContext@1ed4004b: startup date [Wed May 17 18:37:36 MSK 2017]; root of context hierarchy
2017-05-17 18:38:10 INFO  DefaultTestContextBootstrapper:259 - Loaded default TestExecutionListener class names from location [META-INF/spring.factories]: [org.springframework.test.context.web.ServletTestExecutionListener, org.springframework.test.context.support.DirtiesContextBeforeModesTestExecutionListener, org.springframework.test.context.support.DependencyInjectionTestExecutionListener, org.springframework.test.context.support.DirtiesContextTestExecutionListener, org.springframework.test.context.transaction.TransactionalTestExecutionListener, org.springframework.test.context.jdbc.SqlScriptsTestExecutionListener]
2017-05-17 18:38:10 INFO  DefaultTestContextBootstrapper:207 - Could not instantiate TestExecutionListener [org.springframework.test.context.web.ServletTestExecutionListener]. Specify custom listener classes or make the default listener classes (and their required dependencies) available. Offending class: [javax/servlet/ServletContext]
2017-05-17 18:38:10 INFO  DefaultTestContextBootstrapper:185 - Using TestExecutionListeners: [org.springframework.test.context.support.DirtiesContextBeforeModesTestExecutionListener@20e2cbe0, org.springframework.test.context.support.DependencyInjectionTestExecutionListener@68be2bc2, org.springframework.test.context.support.DirtiesContextTestExecutionListener@28feb3fa, org.springframework.test.context.transaction.TransactionalTestExecutionListener@675d3402, org.springframework.test.context.jdbc.SqlScriptsTestExecutionListener@51565ec2]
2017-05-17 18:38:11 INFO  XmlBeanDefinitionReader:317 - Loading XML bean definitions from class path resource [test-dao-context.xml]
2017-05-17 18:38:11 INFO  DefaultListableBeanFactory:839 - Overriding bean definition for bean 'userDao' with a different definition: replacing [Generic bean: class [dao.impl.UserDao]; scope=singleton; abstract=false; lazyInit=false; autowireMode=0; dependencyCheck=0; autowireCandidate=true; primary=false; factoryBeanName=null; factoryMethodName=null; initMethodName=null; destroyMethodName=null; defined in file [C:\Users\Дмитрий\Desktop\NetCracker\курсы\onlineshop\dao\target\classes\dao\impl\UserDao.class]] with [Generic bean: class [dao.impl.UserDao]; scope=; abstract=false; lazyInit=false; autowireMode=0; dependencyCheck=0; autowireCandidate=true; primary=false; factoryBeanName=null; factoryMethodName=null; initMethodName=null; destroyMethodName=null; defined in class path resource [test-dao-context.xml]]
2017-05-17 18:38:11 INFO  GenericApplicationContext:578 - Refreshing org.springframework.context.support.GenericApplicationContext@6e06451e: startup date [Wed May 17 18:38:11 MSK 2017]; root of context hierarchy
2017-05-17 18:38:12 INFO  Version:66 - HCANN000001: Hibernate Commons Annotations {4.0.5.Final}
2017-05-17 18:38:12 INFO  Version:54 - HHH000412: Hibernate Core {4.3.8.Final}
2017-05-17 18:38:12 INFO  Environment:239 - HHH000206: hibernate.properties not found
2017-05-17 18:38:12 INFO  Environment:346 - HHH000021: Bytecode provider name : javassist
2017-05-17 18:38:13 INFO  Dialect:145 - HHH000400: Using dialect: org.hibernate.dialect.MySQLDialect
2017-05-17 18:38:14 INFO  TransactionFactoryInitiator:62 - HHH000399: Using default transaction strategy (direct JDBC transactions)
2017-05-17 18:38:14 INFO  ASTQueryTranslatorFactory:47 - HHH000397: Using ASTQueryTranslatorFactory
2017-05-17 18:38:15 INFO  SchemaValidator:157 - HHH000229: Running schema validator
2017-05-17 18:38:15 INFO  SchemaValidator:165 - HHH000102: Fetching database metadata
2017-05-17 18:38:15 INFO  TableMetadata:66 - HHH000261: Table found: shop_hibernate.black_list
2017-05-17 18:38:15 INFO  TableMetadata:67 - HHH000037: Columns: [user_id, id, created_date]
2017-05-17 18:38:15 INFO  TableMetadata:66 - HHH000261: Table found: shop_hibernate.category
2017-05-17 18:38:15 INFO  TableMetadata:67 - HHH000037: Columns: [category_shop, id]
2017-05-17 18:38:16 INFO  TableMetadata:66 - HHH000261: Table found: shop_hibernate.goods
2017-05-17 18:38:16 INFO  TableMetadata:67 - HHH000037: Columns: [goods_name, shop_id, category_id, description, producer, id, created_date, number_goods, unit_price]
2017-05-17 18:38:16 INFO  TableMetadata:66 - HHH000261: Table found: shop_hibernate.order_goods
2017-05-17 18:38:16 INFO  TableMetadata:67 - HHH000037: Columns: [id_order, id_goods]
2017-05-17 18:38:16 INFO  TableMetadata:66 - HHH000261: Table found: shop_hibernate.orders
2017-05-17 18:38:16 INFO  TableMetadata:67 - HHH000037: Columns: [order_cost, user_id, id, created_date, status]
2017-05-17 18:38:16 INFO  TableMetadata:66 - HHH000261: Table found: shop_hibernate.role
2017-05-17 18:38:16 INFO  TableMetadata:67 - HHH000037: Columns: [role_name, id]
2017-05-17 18:38:16 INFO  TableMetadata:66 - HHH000261: Table found: shop_hibernate.shop
2017-05-17 18:38:16 INFO  TableMetadata:67 - HHH000037: Columns: [name_shop, description, id, profit]
2017-05-17 18:38:16 INFO  TableMetadata:66 - HHH000261: Table found: shop_hibernate.user
2017-05-17 18:38:16 INFO  TableMetadata:67 - HHH000037: Columns: [shop_id, password, role_id, last_name, id, created_date, login, first_name]
2017-05-17 18:38:16 INFO  TableMetadata:66 - HHH000261: Table found: shop_hibernate.user_profil
2017-05-17 18:38:16 INFO  TableMetadata:67 - HHH000037: Columns: [address, credit_card_number, user_id, id, email, budget]
2017-05-17 18:38:16 INFO  HibernateTransactionManager:360 - Using DataSource [org.apache.commons.dbcp2.BasicDataSource@a23a01d] of Hibernate SessionFactory for HibernateTransactionManager
2017-05-17 18:38:17 INFO  TransactionContext:101 - Began transaction (1) for test context [DefaultTestContext@32639b12 testClass = UserDaoImplTest, testInstance = UserDaoImplTest@20d11153, testMethod = testSave@UserDaoImplTest, testException = [null], mergedContextConfiguration = [MergedContextConfiguration@7a34b7b8 testClass = UserDaoImplTest, locations = '{classpath:test-dao-context.xml}', classes = '{}', contextInitializerClasses = '[]', activeProfiles = '{}', propertySourceLocations = '{}', propertySourceProperties = '{}', contextLoader = 'org.springframework.test.context.support.DelegatingSmartContextLoader', parent = [null]]]; transaction manager [org.springframework.orm.hibernate4.HibernateTransactionManager@3887cf88]; rollback [true]
2017-05-17 18:38:17 INFO  TransactionContext:136 - Rolled back transaction for test context [DefaultTestContext@32639b12 testClass = UserDaoImplTest, testInstance = UserDaoImplTest@20d11153, testMethod = testSave@UserDaoImplTest, testException = [null], mergedContextConfiguration = [MergedContextConfiguration@7a34b7b8 testClass = UserDaoImplTest, locations = '{classpath:test-dao-context.xml}', classes = '{}', contextInitializerClasses = '[]', activeProfiles = '{}', propertySourceLocations = '{}', propertySourceProperties = '{}', contextLoader = 'org.springframework.test.context.support.DelegatingSmartContextLoader', parent = [null]]].
2017-05-17 18:38:17 INFO  TransactionContext:101 - Began transaction (1) for test context [DefaultTestContext@32639b12 testClass = UserDaoImplTest, testInstance = UserDaoImplTest@5b3f3ba0, testMethod = testGetById@UserDaoImplTest, testException = [null], mergedContextConfiguration = [MergedContextConfiguration@7a34b7b8 testClass = UserDaoImplTest, locations = '{classpath:test-dao-context.xml}', classes = '{}', contextInitializerClasses = '[]', activeProfiles = '{}', propertySourceLocations = '{}', propertySourceProperties = '{}', contextLoader = 'org.springframework.test.context.support.DelegatingSmartContextLoader', parent = [null]]]; transaction manager [org.springframework.orm.hibernate4.HibernateTransactionManager@3887cf88]; rollback [true]
2017-05-17 18:38:17 INFO  TransactionContext:136 - Rolled back transaction for test context [DefaultTestContext@32639b12 testClass = UserDaoImplTest, testInstance = UserDaoImplTest@5b3f3ba0, testMethod = testGetById@UserDaoImplTest, testException = [null], mergedContextConfiguration = [MergedContextConfiguration@7a34b7b8 testClass = UserDaoImplTest, locations = '{classpath:test-dao-context.xml}', classes = '{}', contextInitializerClasses = '[]', activeProfiles = '{}', propertySourceLocations = '{}', propertySourceProperties = '{}', contextLoader = 'org.springframework.test.context.support.DelegatingSmartContextLoader', parent = [null]]].
2017-05-17 18:38:17 INFO  TransactionContext:101 - Began transaction (1) for test context [DefaultTestContext@32639b12 testClass = UserDaoImplTest, testInstance = UserDaoImplTest@1dab9dd6, testMethod = testGetByLogin@UserDaoImplTest, testException = [null], mergedContextConfiguration = [MergedContextConfiguration@7a34b7b8 testClass = UserDaoImplTest, locations = '{classpath:test-dao-context.xml}', classes = '{}', contextInitializerClasses = '[]', activeProfiles = '{}', propertySourceLocations = '{}', propertySourceProperties = '{}', contextLoader = 'org.springframework.test.context.support.DelegatingSmartContextLoader', parent = [null]]]; transaction manager [org.springframework.orm.hibernate4.HibernateTransactionManager@3887cf88]; rollback [true]
2017-05-17 18:38:18 INFO  TransactionContext:136 - Rolled back transaction for test context [DefaultTestContext@32639b12 testClass = UserDaoImplTest, testInstance = UserDaoImplTest@1dab9dd6, testMethod = testGetByLogin@UserDaoImplTest, testException = [null], mergedContextConfiguration = [MergedContextConfiguration@7a34b7b8 testClass = UserDaoImplTest, locations = '{classpath:test-dao-context.xml}', classes = '{}', contextInitializerClasses = '[]', activeProfiles = '{}', propertySourceLocations = '{}', propertySourceProperties = '{}', contextLoader = 'org.springframework.test.context.support.DelegatingSmartContextLoader', parent = [null]]].
2017-05-17 18:38:18 INFO  TransactionContext:101 - Began transaction (1) for test context [DefaultTestContext@32639b12 testClass = UserDaoImplTest, testInstance = UserDaoImplTest@72fe8a4f, testMethod = testDelete@UserDaoImplTest, testException = [null], mergedContextConfiguration = [MergedContextConfiguration@7a34b7b8 testClass = UserDaoImplTest, locations = '{classpath:test-dao-context.xml}', classes = '{}', contextInitializerClasses = '[]', activeProfiles = '{}', propertySourceLocations = '{}', propertySourceProperties = '{}', contextLoader = 'org.springframework.test.context.support.DelegatingSmartContextLoader', parent = [null]]]; transaction manager [org.springframework.orm.hibernate4.HibernateTransactionManager@3887cf88]; rollback [true]
2017-05-17 18:38:18 INFO  TransactionContext:136 - Rolled back transaction for test context [DefaultTestContext@32639b12 testClass = UserDaoImplTest, testInstance = UserDaoImplTest@72fe8a4f, testMethod = testDelete@UserDaoImplTest, testException = [null], mergedContextConfiguration = [MergedContextConfiguration@7a34b7b8 testClass = UserDaoImplTest, locations = '{classpath:test-dao-context.xml}', classes = '{}', contextInitializerClasses = '[]', activeProfiles = '{}', propertySourceLocations = '{}', propertySourceProperties = '{}', contextLoader = 'org.springframework.test.context.support.DelegatingSmartContextLoader', parent = [null]]].
2017-05-17 18:38:18 INFO  TransactionContext:101 - Began transaction (1) for test context [DefaultTestContext@32639b12 testClass = UserDaoImplTest, testInstance = UserDaoImplTest@782168b7, testMethod = testGetAll@UserDaoImplTest, testException = [null], mergedContextConfiguration = [MergedContextConfiguration@7a34b7b8 testClass = UserDaoImplTest, locations = '{classpath:test-dao-context.xml}', classes = '{}', contextInitializerClasses = '[]', activeProfiles = '{}', propertySourceLocations = '{}', propertySourceProperties = '{}', contextLoader = 'org.springframework.test.context.support.DelegatingSmartContextLoader', parent = [null]]]; transaction manager [org.springframework.orm.hibernate4.HibernateTransactionManager@3887cf88]; rollback [true]
2017-05-17 18:38:18 INFO  TransactionContext:136 - Rolled back transaction for test context [DefaultTestContext@32639b12 testClass = UserDaoImplTest, testInstance = UserDaoImplTest@782168b7, testMethod = testGetAll@UserDaoImplTest, testException = [null], mergedContextConfiguration = [MergedContextConfiguration@7a34b7b8 testClass = UserDaoImplTest, locations = '{classpath:test-dao-context.xml}', classes = '{}', contextInitializerClasses = '[]', activeProfiles = '{}', propertySourceLocations = '{}', propertySourceProperties = '{}', contextLoader = 'org.springframework.test.context.support.DelegatingSmartContextLoader', parent = [null]]].
2017-05-17 18:38:18 INFO  TransactionContext:101 - Began transaction (1) for test context [DefaultTestContext@32639b12 testClass = UserDaoImplTest, testInstance = UserDaoImplTest@51e0301d, testMethod = testIsAuthorized@UserDaoImplTest, testException = [null], mergedContextConfiguration = [MergedContextConfiguration@7a34b7b8 testClass = UserDaoImplTest, locations = '{classpath:test-dao-context.xml}', classes = '{}', contextInitializerClasses = '[]', activeProfiles = '{}', propertySourceLocations = '{}', propertySourceProperties = '{}', contextLoader = 'org.springframework.test.context.support.DelegatingSmartContextLoader', parent = [null]]]; transaction manager [org.springframework.orm.hibernate4.HibernateTransactionManager@3887cf88]; rollback [true]
2017-05-17 18:38:18 INFO  TransactionContext:136 - Rolled back transaction for test context [DefaultTestContext@32639b12 testClass = UserDaoImplTest, testInstance = UserDaoImplTest@51e0301d, testMethod = testIsAuthorized@UserDaoImplTest, testException = [null], mergedContextConfiguration = [MergedContextConfiguration@7a34b7b8 testClass = UserDaoImplTest, locations = '{classpath:test-dao-context.xml}', classes = '{}', contextInitializerClasses = '[]', activeProfiles = '{}', propertySourceLocations = '{}', propertySourceProperties = '{}', contextLoader = 'org.springframework.test.context.support.DelegatingSmartContextLoader', parent = [null]]].
2017-05-17 18:38:18 INFO  TransactionContext:101 - Began transaction (1) for test context [DefaultTestContext@32639b12 testClass = UserDaoImplTest, testInstance = UserDaoImplTest@6a9d5dff, testMethod = testUpdate@UserDaoImplTest, testException = [null], mergedContextConfiguration = [MergedContextConfiguration@7a34b7b8 testClass = UserDaoImplTest, locations = '{classpath:test-dao-context.xml}', classes = '{}', contextInitializerClasses = '[]', activeProfiles = '{}', propertySourceLocations = '{}', propertySourceProperties = '{}', contextLoader = 'org.springframework.test.context.support.DelegatingSmartContextLoader', parent = [null]]]; transaction manager [org.springframework.orm.hibernate4.HibernateTransactionManager@3887cf88]; rollback [true]
2017-05-17 18:38:18 INFO  TransactionContext:136 - Rolled back transaction for test context [DefaultTestContext@32639b12 testClass = UserDaoImplTest, testInstance = UserDaoImplTest@6a9d5dff, testMethod = testUpdate@UserDaoImplTest, testException = [null], mergedContextConfiguration = [MergedContextConfiguration@7a34b7b8 testClass = UserDaoImplTest, locations = '{classpath:test-dao-context.xml}', classes = '{}', contextInitializerClasses = '[]', activeProfiles = '{}', propertySourceLocations = '{}', propertySourceProperties = '{}', contextLoader = 'org.springframework.test.context.support.DelegatingSmartContextLoader', parent = [null]]].
2017-05-17 18:38:18 INFO  GenericApplicationContext:960 - Closing org.springframework.context.support.GenericApplicationContext@6e06451e: startup date [Wed May 17 18:38:11 MSK 2017]; root of context hierarchy
